{"D:\\najib\\2_archived-projects\\image-processing\\SharpTensor\\src\\core\\ai.ts": {"path":"D:\\najib\\2_archived-projects\\image-processing\\SharpTensor\\src\\core\\ai.ts","statementMap":{"0":{"start":{"line":7,"column":0},"end":{"line":7,"column":null}},"1":{"start":{"line":14,"column":59},"end":{"line":14,"column":null}},"2":{"start":{"line":15,"column":48},"end":{"line":15,"column":null}},"3":{"start":{"line":16,"column":34},"end":{"line":16,"column":null}},"4":{"start":{"line":18,"column":20},"end":{"line":18,"column":null}},"5":{"start":{"line":19,"column":25},"end":{"line":19,"column":null}},"6":{"start":{"line":22,"column":37},"end":{"line":22,"column":null}},"7":{"start":{"line":23,"column":25},"end":{"line":23,"column":null}},"8":{"start":{"line":24,"column":27},"end":{"line":24,"column":null}},"9":{"start":{"line":25,"column":29},"end":{"line":25,"column":null}},"10":{"start":{"line":26,"column":30},"end":{"line":26,"column":null}},"11":{"start":{"line":29,"column":4},"end":{"line":29,"column":null}},"12":{"start":{"line":33,"column":4},"end":{"line":33,"column":null}},"13":{"start":{"line":33,"column":21},"end":{"line":33,"column":null}},"14":{"start":{"line":34,"column":4},"end":{"line":36,"column":null}},"15":{"start":{"line":37,"column":4},"end":{"line":37,"column":null}},"16":{"start":{"line":37,"column":72},"end":{"line":37,"column":null}},"17":{"start":{"line":41,"column":16},"end":{"line":41,"column":null}},"18":{"start":{"line":43,"column":4},"end":{"line":47,"column":null}},"19":{"start":{"line":44,"column":6},"end":{"line":44,"column":null}},"20":{"start":{"line":45,"column":6},"end":{"line":45,"column":null}},"21":{"start":{"line":46,"column":6},"end":{"line":46,"column":null}},"22":{"start":{"line":49,"column":4},"end":{"line":77,"column":null}},"23":{"start":{"line":50,"column":54},"end":{"line":50,"column":null}},"24":{"start":{"line":51,"column":6},"end":{"line":51,"column":null}},"25":{"start":{"line":51,"column":20},"end":{"line":51,"column":null}},"26":{"start":{"line":54,"column":21},"end":{"line":54,"column":null}},"27":{"start":{"line":58,"column":23},"end":{"line":58,"column":null}},"28":{"start":{"line":60,"column":6},"end":{"line":63,"column":null}},"29":{"start":{"line":66,"column":6},"end":{"line":68,"column":null}},"30":{"start":{"line":67,"column":8},"end":{"line":67,"column":null}},"31":{"start":{"line":71,"column":6},"end":{"line":74,"column":null}},"32":{"start":{"line":72,"column":26},"end":{"line":72,"column":null}},"33":{"start":{"line":73,"column":8},"end":{"line":73,"column":null}},"34":{"start":{"line":73,"column":23},"end":{"line":73,"column":null}},"35":{"start":{"line":76,"column":6},"end":{"line":76,"column":null}},"36":{"start":{"line":79,"column":4},"end":{"line":87,"column":null}},"37":{"start":{"line":80,"column":49},"end":{"line":80,"column":null}},"38":{"start":{"line":81,"column":22},"end":{"line":81,"column":null}},"39":{"start":{"line":82,"column":6},"end":{"line":85,"column":null}},"40":{"start":{"line":83,"column":8},"end":{"line":83,"column":null}},"41":{"start":{"line":84,"column":8},"end":{"line":84,"column":null}},"42":{"start":{"line":86,"column":6},"end":{"line":86,"column":null}},"43":{"start":{"line":89,"column":4},"end":{"line":92,"column":null}},"44":{"start":{"line":90,"column":6},"end":{"line":90,"column":null}},"45":{"start":{"line":91,"column":6},"end":{"line":91,"column":null}},"46":{"start":{"line":96,"column":18},"end":{"line":107,"column":null}},"47":{"start":{"line":108,"column":4},"end":{"line":108,"column":null}},"48":{"start":{"line":112,"column":4},"end":{"line":153,"column":null}},"49":{"start":{"line":113,"column":6},"end":{"line":113,"column":null}},"50":{"start":{"line":115,"column":23},"end":{"line":115,"column":null}},"51":{"start":{"line":116,"column":24},"end":{"line":116,"column":null}},"52":{"start":{"line":118,"column":6},"end":{"line":118,"column":null}},"53":{"start":{"line":118,"column":24},"end":{"line":118,"column":null}},"54":{"start":{"line":120,"column":6},"end":{"line":127,"column":null}},"55":{"start":{"line":129,"column":22},"end":{"line":133,"column":null}},"56":{"start":{"line":134,"column":6},"end":{"line":137,"column":null}},"57":{"start":{"line":139,"column":26},"end":{"line":139,"column":null}},"58":{"start":{"line":140,"column":22},"end":{"line":140,"column":null}},"59":{"start":{"line":141,"column":6},"end":{"line":141,"column":null}},"60":{"start":{"line":143,"column":6},"end":{"line":143,"column":null}},"61":{"start":{"line":144,"column":6},"end":{"line":147,"column":null}},"62":{"start":{"line":148,"column":6},"end":{"line":148,"column":null}},"63":{"start":{"line":150,"column":6},"end":{"line":150,"column":null}},"64":{"start":{"line":151,"column":6},"end":{"line":151,"column":null}},"65":{"start":{"line":152,"column":6},"end":{"line":152,"column":null}},"66":{"start":{"line":157,"column":4},"end":{"line":157,"column":null}},"67":{"start":{"line":157,"column":40},"end":{"line":157,"column":null}},"68":{"start":{"line":158,"column":22},"end":{"line":158,"column":null}},"69":{"start":{"line":160,"column":4},"end":{"line":180,"column":null}},"70":{"start":{"line":161,"column":6},"end":{"line":161,"column":null}},"71":{"start":{"line":162,"column":21},"end":{"line":162,"column":null}},"72":{"start":{"line":163,"column":6},"end":{"line":163,"column":null}},"73":{"start":{"line":164,"column":6},"end":{"line":164,"column":null}},"74":{"start":{"line":165,"column":18},"end":{"line":165,"column":null}},"75":{"start":{"line":166,"column":6},"end":{"line":169,"column":null}},"76":{"start":{"line":167,"column":8},"end":{"line":167,"column":null}},"77":{"start":{"line":168,"column":8},"end":{"line":168,"column":null}},"78":{"start":{"line":170,"column":6},"end":{"line":170,"column":null}},"79":{"start":{"line":171,"column":24},"end":{"line":171,"column":null}},"80":{"start":{"line":173,"column":6},"end":{"line":179,"column":null}},"81":{"start":{"line":187,"column":4},"end":{"line":187,"column":null}},"82":{"start":{"line":187,"column":53},"end":{"line":187,"column":null}},"83":{"start":{"line":190,"column":20},"end":{"line":190,"column":null}},"84":{"start":{"line":191,"column":21},"end":{"line":191,"column":null}},"85":{"start":{"line":192,"column":4},"end":{"line":194,"column":null}},"86":{"start":{"line":193,"column":6},"end":{"line":193,"column":null}},"87":{"start":{"line":197,"column":23},"end":{"line":197,"column":null}},"88":{"start":{"line":198,"column":4},"end":{"line":203,"column":null}},"89":{"start":{"line":199,"column":6},"end":{"line":201,"column":null}},"90":{"start":{"line":200,"column":8},"end":{"line":200,"column":null}},"91":{"start":{"line":202,"column":6},"end":{"line":202,"column":null}},"92":{"start":{"line":206,"column":4},"end":{"line":206,"column":null}},"93":{"start":{"line":206,"column":45},"end":{"line":206,"column":null}},"94":{"start":{"line":209,"column":4},"end":{"line":209,"column":null}},"95":{"start":{"line":210,"column":4},"end":{"line":210,"column":null}},"96":{"start":{"line":212,"column":19},"end":{"line":212,"column":null}},"97":{"start":{"line":213,"column":4},"end":{"line":213,"column":null}},"98":{"start":{"line":214,"column":4},"end":{"line":214,"column":null}},"99":{"start":{"line":215,"column":16},"end":{"line":215,"column":null}},"100":{"start":{"line":216,"column":4},"end":{"line":216,"column":null}},"101":{"start":{"line":216,"column":14},"end":{"line":216,"column":null}},"102":{"start":{"line":217,"column":4},"end":{"line":217,"column":null}},"103":{"start":{"line":218,"column":22},"end":{"line":218,"column":null}},"104":{"start":{"line":220,"column":22},"end":{"line":220,"column":null}},"105":{"start":{"line":221,"column":4},"end":{"line":221,"column":null}},"106":{"start":{"line":223,"column":4},"end":{"line":225,"column":null}},"107":{"start":{"line":224,"column":6},"end":{"line":224,"column":null}},"108":{"start":{"line":227,"column":4},"end":{"line":233,"column":null}},"109":{"start":{"line":243,"column":4},"end":{"line":243,"column":null}},"110":{"start":{"line":243,"column":75},"end":{"line":243,"column":null}},"111":{"start":{"line":245,"column":18},"end":{"line":245,"column":null}},"112":{"start":{"line":246,"column":4},"end":{"line":246,"column":null}},"113":{"start":{"line":246,"column":37},"end":{"line":246,"column":null}},"114":{"start":{"line":248,"column":39},"end":{"line":248,"column":null}},"115":{"start":{"line":250,"column":70},"end":{"line":250,"column":null}},"116":{"start":{"line":251,"column":4},"end":{"line":256,"column":null}},"117":{"start":{"line":252,"column":6},"end":{"line":255,"column":null}},"118":{"start":{"line":257,"column":56},"end":{"line":257,"column":null}},"119":{"start":{"line":258,"column":4},"end":{"line":258,"column":null}},"120":{"start":{"line":258,"column":15},"end":{"line":258,"column":null}},"121":{"start":{"line":260,"column":53},"end":{"line":260,"column":null}},"122":{"start":{"line":263,"column":22},"end":{"line":263,"column":null}},"123":{"start":{"line":264,"column":21},"end":{"line":264,"column":null}},"124":{"start":{"line":266,"column":20},"end":{"line":270,"column":null}},"125":{"start":{"line":272,"column":23},"end":{"line":272,"column":null}},"126":{"start":{"line":273,"column":4},"end":{"line":273,"column":null}},"127":{"start":{"line":273,"column":21},"end":{"line":273,"column":null}},"128":{"start":{"line":274,"column":21},"end":{"line":274,"column":null}},"129":{"start":{"line":275,"column":4},"end":{"line":275,"column":null}},"130":{"start":{"line":275,"column":19},"end":{"line":275,"column":null}},"131":{"start":{"line":277,"column":17},"end":{"line":282,"column":null}},"132":{"start":{"line":283,"column":4},"end":{"line":283,"column":null}},"133":{"start":{"line":287,"column":21},"end":{"line":287,"column":null}},"134":{"start":{"line":288,"column":21},"end":{"line":288,"column":null}},"135":{"start":{"line":289,"column":18},"end":{"line":289,"column":null}},"136":{"start":{"line":290,"column":15},"end":{"line":290,"column":null}},"137":{"start":{"line":291,"column":15},"end":{"line":291,"column":null}},"138":{"start":{"line":292,"column":19},"end":{"line":292,"column":null}},"139":{"start":{"line":293,"column":19},"end":{"line":293,"column":null}},"140":{"start":{"line":295,"column":19},"end":{"line":295,"column":null}},"141":{"start":{"line":296,"column":4},"end":{"line":296,"column":null}},"142":{"start":{"line":297,"column":4},"end":{"line":297,"column":null}},"143":{"start":{"line":298,"column":16},"end":{"line":298,"column":null}},"144":{"start":{"line":299,"column":4},"end":{"line":299,"column":null}},"145":{"start":{"line":299,"column":14},"end":{"line":299,"column":null}},"146":{"start":{"line":300,"column":20},"end":{"line":300,"column":null}},"147":{"start":{"line":302,"column":4},"end":{"line":308,"column":null}},"148":{"start":{"line":302,"column":17},"end":{"line":302,"column":20}},"149":{"start":{"line":303,"column":18},"end":{"line":303,"column":null}},"150":{"start":{"line":304,"column":6},"end":{"line":304,"column":null}},"151":{"start":{"line":305,"column":6},"end":{"line":305,"column":null}},"152":{"start":{"line":306,"column":6},"end":{"line":306,"column":null}},"153":{"start":{"line":307,"column":6},"end":{"line":307,"column":null}},"154":{"start":{"line":309,"column":4},"end":{"line":309,"column":null}},"155":{"start":{"line":311,"column":24},"end":{"line":311,"column":null}},"156":{"start":{"line":312,"column":4},"end":{"line":312,"column":null}},"157":{"start":{"line":313,"column":4},"end":{"line":313,"column":null}},"158":{"start":{"line":314,"column":17},"end":{"line":314,"column":null}},"159":{"start":{"line":315,"column":4},"end":{"line":315,"column":null}},"160":{"start":{"line":315,"column":15},"end":{"line":315,"column":null}},"161":{"start":{"line":316,"column":4},"end":{"line":316,"column":null}},"162":{"start":{"line":318,"column":25},"end":{"line":318,"column":null}},"163":{"start":{"line":319,"column":33},"end":{"line":319,"column":null}},"164":{"start":{"line":320,"column":4},"end":{"line":323,"column":null}},"165":{"start":{"line":320,"column":17},"end":{"line":320,"column":20}},"166":{"start":{"line":321,"column":16},"end":{"line":321,"column":null}},"167":{"start":{"line":322,"column":6},"end":{"line":322,"column":null}},"168":{"start":{"line":324,"column":4},"end":{"line":324,"column":null}},"169":{"start":{"line":332,"column":23},"end":{"line":332,"column":null}},"170":{"start":{"line":333,"column":2},"end":{"line":358,"column":null}},"171":{"start":{"line":333,"column":15},"end":{"line":333,"column":18}},"172":{"start":{"line":334,"column":16},"end":{"line":334,"column":null}},"173":{"start":{"line":335,"column":22},"end":{"line":335,"column":null}},"174":{"start":{"line":336,"column":22},"end":{"line":336,"column":null}},"175":{"start":{"line":337,"column":4},"end":{"line":337,"column":null}},"176":{"start":{"line":338,"column":14},"end":{"line":338,"column":null}},"177":{"start":{"line":339,"column":16},"end":{"line":339,"column":null}},"178":{"start":{"line":340,"column":15},"end":{"line":340,"column":null}},"179":{"start":{"line":341,"column":13},"end":{"line":341,"column":null}},"180":{"start":{"line":342,"column":4},"end":{"line":356,"column":null}},"181":{"start":{"line":343,"column":6},"end":{"line":343,"column":null}},"182":{"start":{"line":344,"column":4},"end":{"line":356,"column":null}},"183":{"start":{"line":345,"column":6},"end":{"line":345,"column":null}},"184":{"start":{"line":346,"column":6},"end":{"line":346,"column":null}},"185":{"start":{"line":348,"column":6},"end":{"line":348,"column":null}},"186":{"start":{"line":349,"column":6},"end":{"line":355,"column":null}},"187":{"start":{"line":350,"column":8},"end":{"line":350,"column":null}},"188":{"start":{"line":351,"column":6},"end":{"line":355,"column":null}},"189":{"start":{"line":352,"column":8},"end":{"line":352,"column":null}},"190":{"start":{"line":354,"column":8},"end":{"line":354,"column":null}},"191":{"start":{"line":357,"column":4},"end":{"line":357,"column":null}},"192":{"start":{"line":359,"column":2},"end":{"line":359,"column":null}},"193":{"start":{"line":362,"column":18},"end":{"line":362,"column":null}}},"fnMap":{"0":{"name":"(anonymous_0)","decl":{"start":{"line":28,"column":2},"end":{"line":28,"column":16}},"loc":{"start":{"line":28,"column":16},"end":{"line":30,"column":null}},"line":28},"1":{"name":"(anonymous_1)","decl":{"start":{"line":32,"column":2},"end":{"line":32,"column":21}},"loc":{"start":{"line":32,"column":21},"end":{"line":38,"column":null}},"line":32},"2":{"name":"(anonymous_2)","decl":{"start":{"line":37,"column":28},"end":{"line":37,"column":29}},"loc":{"start":{"line":37,"column":72},"end":{"line":37,"column":null}},"line":37},"3":{"name":"(anonymous_3)","decl":{"start":{"line":40,"column":2},"end":{"line":40,"column":22}},"loc":{"start":{"line":40,"column":68},"end":{"line":93,"column":null}},"line":40},"4":{"name":"(anonymous_4)","decl":{"start":{"line":95,"column":2},"end":{"line":95,"column":6}},"loc":{"start":{"line":95,"column":58},"end":{"line":109,"column":null}},"line":95},"5":{"name":"(anonymous_5)","decl":{"start":{"line":111,"column":8},"end":{"line":111,"column":36}},"loc":{"start":{"line":111,"column":36},"end":{"line":154,"column":null}},"line":111},"6":{"name":"(anonymous_6)","decl":{"start":{"line":156,"column":2},"end":{"line":156,"column":9}},"loc":{"start":{"line":156,"column":54},"end":{"line":181,"column":null}},"line":156},"7":{"name":"(anonymous_7)","decl":{"start":{"line":160,"column":23},"end":{"line":160,"column":24}},"loc":{"start":{"line":160,"column":36},"end":{"line":180,"column":5}},"line":160},"8":{"name":"(anonymous_8)","decl":{"start":{"line":186,"column":8},"end":{"line":186,"column":20}},"loc":{"start":{"line":186,"column":74},"end":{"line":234,"column":null}},"line":186},"9":{"name":"(anonymous_9)","decl":{"start":{"line":239,"column":8},"end":{"line":239,"column":null}},"loc":{"start":{"line":242,"column":30},"end":{"line":284,"column":null}},"line":242},"10":{"name":"(anonymous_10)","decl":{"start":{"line":286,"column":2},"end":{"line":286,"column":18}},"loc":{"start":{"line":286,"column":95},"end":{"line":325,"column":null}},"line":286},"11":{"name":"float32ToFloat16","decl":{"start":{"line":331,"column":9},"end":{"line":331,"column":26}},"loc":{"start":{"line":331,"column":67},"end":{"line":360,"column":null}},"line":331}},"branchMap":{"0":{"loc":{"start":{"line":33,"column":4},"end":{"line":33,"column":null}},"type":"if","locations":[{"start":{"line":33,"column":4},"end":{"line":33,"column":null}},{"start":{},"end":{}}],"line":33},"1":{"loc":{"start":{"line":43,"column":4},"end":{"line":47,"column":null}},"type":"if","locations":[{"start":{"line":43,"column":4},"end":{"line":47,"column":null}},{"start":{},"end":{}}],"line":43},"2":{"loc":{"start":{"line":49,"column":4},"end":{"line":77,"column":null}},"type":"if","locations":[{"start":{"line":49,"column":4},"end":{"line":77,"column":null}},{"start":{},"end":{}}],"line":49},"3":{"loc":{"start":{"line":51,"column":6},"end":{"line":51,"column":null}},"type":"if","locations":[{"start":{"line":51,"column":6},"end":{"line":51,"column":null}},{"start":{},"end":{}}],"line":51},"4":{"loc":{"start":{"line":58,"column":23},"end":{"line":58,"column":null}},"type":"binary-expr","locations":[{"start":{"line":58,"column":23},"end":{"line":58,"column":60}},{"start":{"line":58,"column":60},"end":{"line":58,"column":null}}],"line":58},"5":{"loc":{"start":{"line":66,"column":6},"end":{"line":68,"column":null}},"type":"if","locations":[{"start":{"line":66,"column":6},"end":{"line":68,"column":null}},{"start":{},"end":{}}],"line":66},"6":{"loc":{"start":{"line":71,"column":6},"end":{"line":74,"column":null}},"type":"if","locations":[{"start":{"line":71,"column":6},"end":{"line":74,"column":null}},{"start":{},"end":{}}],"line":71},"7":{"loc":{"start":{"line":73,"column":8},"end":{"line":73,"column":null}},"type":"if","locations":[{"start":{"line":73,"column":8},"end":{"line":73,"column":null}},{"start":{},"end":{}}],"line":73},"8":{"loc":{"start":{"line":79,"column":4},"end":{"line":87,"column":null}},"type":"if","locations":[{"start":{"line":79,"column":4},"end":{"line":87,"column":null}},{"start":{},"end":{}}],"line":79},"9":{"loc":{"start":{"line":82,"column":6},"end":{"line":85,"column":null}},"type":"if","locations":[{"start":{"line":82,"column":6},"end":{"line":85,"column":null}},{"start":{},"end":{}}],"line":82},"10":{"loc":{"start":{"line":89,"column":4},"end":{"line":92,"column":null}},"type":"if","locations":[{"start":{"line":89,"column":4},"end":{"line":92,"column":null}},{"start":{},"end":{}}],"line":89},"11":{"loc":{"start":{"line":95,"column":19},"end":{"line":95,"column":58}},"type":"default-arg","locations":[{"start":{"line":95,"column":44},"end":{"line":95,"column":58}}],"line":95},"12":{"loc":{"start":{"line":118,"column":6},"end":{"line":118,"column":null}},"type":"if","locations":[{"start":{"line":118,"column":6},"end":{"line":118,"column":null}},{"start":{},"end":{}}],"line":118},"13":{"loc":{"start":{"line":131,"column":20},"end":{"line":131,"column":null}},"type":"binary-expr","locations":[{"start":{"line":131,"column":20},"end":{"line":131,"column":58}},{"start":{"line":131,"column":58},"end":{"line":131,"column":null}}],"line":131},"14":{"loc":{"start":{"line":157,"column":4},"end":{"line":157,"column":null}},"type":"if","locations":[{"start":{"line":157,"column":4},"end":{"line":157,"column":null}},{"start":{},"end":{}}],"line":157},"15":{"loc":{"start":{"line":157,"column":8},"end":{"line":157,"column":40}},"type":"binary-expr","locations":[{"start":{"line":157,"column":8},"end":{"line":157,"column":26}},{"start":{"line":157,"column":26},"end":{"line":157,"column":40}}],"line":157},"16":{"loc":{"start":{"line":166,"column":6},"end":{"line":169,"column":null}},"type":"if","locations":[{"start":{"line":166,"column":6},"end":{"line":169,"column":null}},{"start":{},"end":{}}],"line":166},"17":{"loc":{"start":{"line":187,"column":4},"end":{"line":187,"column":null}},"type":"if","locations":[{"start":{"line":187,"column":4},"end":{"line":187,"column":null}},{"start":{},"end":{}}],"line":187},"18":{"loc":{"start":{"line":187,"column":8},"end":{"line":187,"column":53}},"type":"binary-expr","locations":[{"start":{"line":187,"column":8},"end":{"line":187,"column":26}},{"start":{"line":187,"column":26},"end":{"line":187,"column":39}},{"start":{"line":187,"column":39},"end":{"line":187,"column":53}}],"line":187},"19":{"loc":{"start":{"line":191,"column":21},"end":{"line":191,"column":null}},"type":"binary-expr","locations":[{"start":{"line":191,"column":21},"end":{"line":191,"column":32}},{"start":{"line":191,"column":32},"end":{"line":191,"column":null}}],"line":191},"20":{"loc":{"start":{"line":192,"column":4},"end":{"line":194,"column":null}},"type":"if","locations":[{"start":{"line":192,"column":4},"end":{"line":194,"column":null}},{"start":{},"end":{}}],"line":192},"21":{"loc":{"start":{"line":198,"column":4},"end":{"line":203,"column":null}},"type":"if","locations":[{"start":{"line":198,"column":4},"end":{"line":203,"column":null}},{"start":{},"end":{}}],"line":198},"22":{"loc":{"start":{"line":199,"column":6},"end":{"line":201,"column":null}},"type":"if","locations":[{"start":{"line":199,"column":6},"end":{"line":201,"column":null}},{"start":{},"end":{}}],"line":199},"23":{"loc":{"start":{"line":199,"column":10},"end":{"line":199,"column":45}},"type":"binary-expr","locations":[{"start":{"line":199,"column":10},"end":{"line":199,"column":35}},{"start":{"line":199,"column":35},"end":{"line":199,"column":45}}],"line":199},"24":{"loc":{"start":{"line":206,"column":4},"end":{"line":206,"column":null}},"type":"if","locations":[{"start":{"line":206,"column":4},"end":{"line":206,"column":null}},{"start":{},"end":{}}],"line":206},"25":{"loc":{"start":{"line":216,"column":4},"end":{"line":216,"column":null}},"type":"if","locations":[{"start":{"line":216,"column":4},"end":{"line":216,"column":null}},{"start":{},"end":{}}],"line":216},"26":{"loc":{"start":{"line":221,"column":16},"end":{"line":221,"column":53}},"type":"cond-expr","locations":[{"start":{"line":221,"column":28},"end":{"line":221,"column":42}},{"start":{"line":221,"column":42},"end":{"line":221,"column":53}}],"line":221},"27":{"loc":{"start":{"line":223,"column":4},"end":{"line":225,"column":null}},"type":"if","locations":[{"start":{"line":223,"column":4},"end":{"line":225,"column":null}},{"start":{},"end":{}}],"line":223},"28":{"loc":{"start":{"line":240,"column":4},"end":{"line":240,"column":null}},"type":"default-arg","locations":[{"start":{"line":240,"column":70},"end":{"line":240,"column":null}}],"line":240},"29":{"loc":{"start":{"line":241,"column":4},"end":{"line":241,"column":null}},"type":"default-arg","locations":[{"start":{"line":241,"column":55},"end":{"line":241,"column":null}}],"line":241},"30":{"loc":{"start":{"line":243,"column":4},"end":{"line":243,"column":null}},"type":"if","locations":[{"start":{"line":243,"column":4},"end":{"line":243,"column":null}},{"start":{},"end":{}}],"line":243},"31":{"loc":{"start":{"line":243,"column":8},"end":{"line":243,"column":75}},"type":"binary-expr","locations":[{"start":{"line":243,"column":8},"end":{"line":243,"column":27}},{"start":{"line":243,"column":27},"end":{"line":243,"column":50}},{"start":{"line":243,"column":50},"end":{"line":243,"column":75}}],"line":243},"32":{"loc":{"start":{"line":246,"column":4},"end":{"line":246,"column":null}},"type":"if","locations":[{"start":{"line":246,"column":4},"end":{"line":246,"column":null}},{"start":{},"end":{}}],"line":246},"33":{"loc":{"start":{"line":246,"column":8},"end":{"line":246,"column":37}},"type":"binary-expr","locations":[{"start":{"line":246,"column":8},"end":{"line":246,"column":18}},{"start":{"line":246,"column":18},"end":{"line":246,"column":37}}],"line":246},"34":{"loc":{"start":{"line":251,"column":4},"end":{"line":256,"column":null}},"type":"if","locations":[{"start":{"line":251,"column":4},"end":{"line":256,"column":null}},{"start":{},"end":{}}],"line":251},"35":{"loc":{"start":{"line":258,"column":4},"end":{"line":258,"column":null}},"type":"if","locations":[{"start":{"line":258,"column":4},"end":{"line":258,"column":null}},{"start":{},"end":{}}],"line":258},"36":{"loc":{"start":{"line":273,"column":4},"end":{"line":273,"column":null}},"type":"if","locations":[{"start":{"line":273,"column":4},"end":{"line":273,"column":null}},{"start":{},"end":{}}],"line":273},"37":{"loc":{"start":{"line":275,"column":4},"end":{"line":275,"column":null}},"type":"if","locations":[{"start":{"line":275,"column":4},"end":{"line":275,"column":null}},{"start":{},"end":{}}],"line":275},"38":{"loc":{"start":{"line":299,"column":4},"end":{"line":299,"column":null}},"type":"if","locations":[{"start":{"line":299,"column":4},"end":{"line":299,"column":null}},{"start":{},"end":{}}],"line":299},"39":{"loc":{"start":{"line":303,"column":18},"end":{"line":303,"column":null}},"type":"cond-expr","locations":[{"start":{"line":303,"column":33},"end":{"line":303,"column":39}},{"start":{"line":303,"column":39},"end":{"line":303,"column":null}}],"line":303},"40":{"loc":{"start":{"line":315,"column":4},"end":{"line":315,"column":null}},"type":"if","locations":[{"start":{"line":315,"column":4},"end":{"line":315,"column":null}},{"start":{},"end":{}}],"line":315},"41":{"loc":{"start":{"line":322,"column":22},"end":{"line":322,"column":37}},"type":"cond-expr","locations":[{"start":{"line":322,"column":32},"end":{"line":322,"column":36}},{"start":{"line":322,"column":36},"end":{"line":322,"column":37}}],"line":322},"42":{"loc":{"start":{"line":342,"column":4},"end":{"line":356,"column":null}},"type":"if","locations":[{"start":{"line":342,"column":4},"end":{"line":356,"column":null}},{"start":{"line":344,"column":4},"end":{"line":356,"column":null}}],"line":342},"43":{"loc":{"start":{"line":344,"column":4},"end":{"line":356,"column":null}},"type":"if","locations":[{"start":{"line":344,"column":4},"end":{"line":356,"column":null}},{"start":{"line":347,"column":11},"end":{"line":356,"column":null}}],"line":344},"44":{"loc":{"start":{"line":346,"column":14},"end":{"line":346,"column":null}},"type":"cond-expr","locations":[{"start":{"line":346,"column":18},"end":{"line":346,"column":33}},{"start":{"line":346,"column":33},"end":{"line":346,"column":null}}],"line":346},"45":{"loc":{"start":{"line":346,"column":18},"end":{"line":346,"column":33}},"type":"binary-expr","locations":[{"start":{"line":346,"column":18},"end":{"line":346,"column":29}},{"start":{"line":346,"column":29},"end":{"line":346,"column":33}}],"line":346},"46":{"loc":{"start":{"line":349,"column":6},"end":{"line":355,"column":null}},"type":"if","locations":[{"start":{"line":349,"column":6},"end":{"line":355,"column":null}},{"start":{"line":351,"column":6},"end":{"line":355,"column":null}}],"line":349},"47":{"loc":{"start":{"line":351,"column":6},"end":{"line":355,"column":null}},"type":"if","locations":[{"start":{"line":351,"column":6},"end":{"line":355,"column":null}},{"start":{"line":353,"column":13},"end":{"line":355,"column":null}}],"line":351}},"s":{"0":2,"1":8,"2":8,"3":8,"4":8,"5":8,"6":8,"7":8,"8":8,"9":8,"10":8,"11":8,"12":8,"13":0,"14":8,"15":8,"16":0,"17":3,"18":3,"19":1,"20":1,"21":1,"22":2,"23":1,"24":1,"25":1,"26":1,"27":1,"28":1,"29":1,"30":1,"31":1,"32":0,"33":0,"34":0,"35":1,"36":2,"37":1,"38":1,"39":1,"40":1,"41":1,"42":1,"43":2,"44":0,"45":0,"46":4,"47":4,"48":1,"49":1,"50":1,"51":1,"52":1,"53":0,"54":1,"55":1,"56":1,"57":1,"58":1,"59":1,"60":1,"61":1,"62":1,"63":0,"64":0,"65":0,"66":0,"67":0,"68":0,"69":0,"70":0,"71":0,"72":0,"73":0,"74":0,"75":0,"76":0,"77":0,"78":0,"79":0,"80":0,"81":0,"82":0,"83":0,"84":0,"85":0,"86":0,"87":0,"88":0,"89":0,"90":0,"91":0,"92":0,"93":0,"94":0,"95":0,"96":0,"97":0,"98":0,"99":0,"100":0,"101":0,"102":0,"103":0,"104":0,"105":0,"106":0,"107":0,"108":0,"109":0,"110":0,"111":0,"112":0,"113":0,"114":0,"115":0,"116":0,"117":0,"118":0,"119":0,"120":0,"121":0,"122":0,"123":0,"124":0,"125":0,"126":0,"127":0,"128":0,"129":0,"130":0,"131":0,"132":0,"133":0,"134":0,"135":0,"136":0,"137":0,"138":0,"139":0,"140":0,"141":0,"142":0,"143":0,"144":0,"145":0,"146":0,"147":0,"148":0,"149":0,"150":0,"151":0,"152":0,"153":0,"154":0,"155":0,"156":0,"157":0,"158":0,"159":0,"160":0,"161":0,"162":0,"163":0,"164":0,"165":0,"166":0,"167":0,"168":0,"169":0,"170":0,"171":0,"172":0,"173":0,"174":0,"175":0,"176":0,"177":0,"178":0,"179":0,"180":0,"181":0,"182":0,"183":0,"184":0,"185":0,"186":0,"187":0,"188":0,"189":0,"190":0,"191":0,"192":0,"193":2},"f":{"0":8,"1":8,"2":0,"3":3,"4":4,"5":1,"6":0,"7":0,"8":0,"9":0,"10":0,"11":0},"b":{"0":[0,8],"1":[1,2],"2":[1,1],"3":[1,0],"4":[1,0],"5":[1,0],"6":[0,1],"7":[0,0],"8":[1,1],"9":[1,0],"10":[0,2],"11":[4],"12":[0,1],"13":[1,0],"14":[0,0],"15":[0,0],"16":[0,0],"17":[0,0],"18":[0,0,0],"19":[0,0],"20":[0,0],"21":[0,0],"22":[0,0],"23":[0,0],"24":[0,0],"25":[0,0],"26":[0,0],"27":[0,0],"28":[0],"29":[0],"30":[0,0],"31":[0,0,0],"32":[0,0],"33":[0,0],"34":[0,0],"35":[0,0],"36":[0,0],"37":[0,0],"38":[0,0],"39":[0,0],"40":[0,0],"41":[0,0],"42":[0,0],"43":[0,0],"44":[0,0],"45":[0,0],"46":[0,0],"47":[0,0]},"meta":{"lastBranch":48,"lastFunction":12,"lastStatement":194,"seen":{"s:7:0:7:Infinity":0,"s:14:59:14:Infinity":1,"s:15:48:15:Infinity":2,"s:16:34:16:Infinity":3,"s:18:20:18:Infinity":4,"s:19:25:19:Infinity":5,"s:22:37:22:Infinity":6,"s:23:25:23:Infinity":7,"s:24:27:24:Infinity":8,"s:25:29:25:Infinity":9,"s:26:30:26:Infinity":10,"f:28:2:28:16":0,"s:29:4:29:Infinity":11,"f:32:2:32:21":1,"b:33:4:33:Infinity:undefined:undefined:undefined:undefined":0,"s:33:4:33:Infinity":12,"s:33:21:33:Infinity":13,"s:34:4:36:Infinity":14,"s:37:4:37:Infinity":15,"f:37:28:37:29":2,"s:37:72:37:Infinity":16,"f:40:2:40:22":3,"s:41:16:41:Infinity":17,"b:43:4:47:Infinity:undefined:undefined:undefined:undefined":1,"s:43:4:47:Infinity":18,"s:44:6:44:Infinity":19,"s:45:6:45:Infinity":20,"s:46:6:46:Infinity":21,"b:49:4:77:Infinity:undefined:undefined:undefined:undefined":2,"s:49:4:77:Infinity":22,"s:50:54:50:Infinity":23,"b:51:6:51:Infinity:undefined:undefined:undefined:undefined":3,"s:51:6:51:Infinity":24,"s:51:20:51:Infinity":25,"s:54:21:54:Infinity":26,"s:58:23:58:Infinity":27,"b:58:23:58:60:58:60:58:Infinity":4,"s:60:6:63:Infinity":28,"b:66:6:68:Infinity:undefined:undefined:undefined:undefined":5,"s:66:6:68:Infinity":29,"s:67:8:67:Infinity":30,"b:71:6:74:Infinity:undefined:undefined:undefined:undefined":6,"s:71:6:74:Infinity":31,"s:72:26:72:Infinity":32,"b:73:8:73:Infinity:undefined:undefined:undefined:undefined":7,"s:73:8:73:Infinity":33,"s:73:23:73:Infinity":34,"s:76:6:76:Infinity":35,"b:79:4:87:Infinity:undefined:undefined:undefined:undefined":8,"s:79:4:87:Infinity":36,"s:80:49:80:Infinity":37,"s:81:22:81:Infinity":38,"b:82:6:85:Infinity:undefined:undefined:undefined:undefined":9,"s:82:6:85:Infinity":39,"s:83:8:83:Infinity":40,"s:84:8:84:Infinity":41,"s:86:6:86:Infinity":42,"b:89:4:92:Infinity:undefined:undefined:undefined:undefined":10,"s:89:4:92:Infinity":43,"s:90:6:90:Infinity":44,"s:91:6:91:Infinity":45,"f:95:2:95:6":4,"b:95:44:95:58":11,"s:96:18:107:Infinity":46,"s:108:4:108:Infinity":47,"f:111:8:111:36":5,"s:112:4:153:Infinity":48,"s:113:6:113:Infinity":49,"s:115:23:115:Infinity":50,"s:116:24:116:Infinity":51,"b:118:6:118:Infinity:undefined:undefined:undefined:undefined":12,"s:118:6:118:Infinity":52,"s:118:24:118:Infinity":53,"s:120:6:127:Infinity":54,"s:129:22:133:Infinity":55,"b:131:20:131:58:131:58:131:Infinity":13,"s:134:6:137:Infinity":56,"s:139:26:139:Infinity":57,"s:140:22:140:Infinity":58,"s:141:6:141:Infinity":59,"s:143:6:143:Infinity":60,"s:144:6:147:Infinity":61,"s:148:6:148:Infinity":62,"s:150:6:150:Infinity":63,"s:151:6:151:Infinity":64,"s:152:6:152:Infinity":65,"f:156:2:156:9":6,"b:157:4:157:Infinity:undefined:undefined:undefined:undefined":14,"s:157:4:157:Infinity":66,"b:157:8:157:26:157:26:157:40":15,"s:157:40:157:Infinity":67,"s:158:22:158:Infinity":68,"s:160:4:180:Infinity":69,"f:160:23:160:24":7,"s:161:6:161:Infinity":70,"s:162:21:162:Infinity":71,"s:163:6:163:Infinity":72,"s:164:6:164:Infinity":73,"s:165:18:165:Infinity":74,"b:166:6:169:Infinity:undefined:undefined:undefined:undefined":16,"s:166:6:169:Infinity":75,"s:167:8:167:Infinity":76,"s:168:8:168:Infinity":77,"s:170:6:170:Infinity":78,"s:171:24:171:Infinity":79,"s:173:6:179:Infinity":80,"f:186:8:186:20":8,"b:187:4:187:Infinity:undefined:undefined:undefined:undefined":17,"s:187:4:187:Infinity":81,"b:187:8:187:26:187:26:187:39:187:39:187:53":18,"s:187:53:187:Infinity":82,"s:190:20:190:Infinity":83,"s:191:21:191:Infinity":84,"b:191:21:191:32:191:32:191:Infinity":19,"b:192:4:194:Infinity:undefined:undefined:undefined:undefined":20,"s:192:4:194:Infinity":85,"s:193:6:193:Infinity":86,"s:197:23:197:Infinity":87,"b:198:4:203:Infinity:undefined:undefined:undefined:undefined":21,"s:198:4:203:Infinity":88,"b:199:6:201:Infinity:undefined:undefined:undefined:undefined":22,"s:199:6:201:Infinity":89,"b:199:10:199:35:199:35:199:45":23,"s:200:8:200:Infinity":90,"s:202:6:202:Infinity":91,"b:206:4:206:Infinity:undefined:undefined:undefined:undefined":24,"s:206:4:206:Infinity":92,"s:206:45:206:Infinity":93,"s:209:4:209:Infinity":94,"s:210:4:210:Infinity":95,"s:212:19:212:Infinity":96,"s:213:4:213:Infinity":97,"s:214:4:214:Infinity":98,"s:215:16:215:Infinity":99,"b:216:4:216:Infinity:undefined:undefined:undefined:undefined":25,"s:216:4:216:Infinity":100,"s:216:14:216:Infinity":101,"s:217:4:217:Infinity":102,"s:218:22:218:Infinity":103,"s:220:22:220:Infinity":104,"s:221:4:221:Infinity":105,"b:221:28:221:42:221:42:221:53":26,"b:223:4:225:Infinity:undefined:undefined:undefined:undefined":27,"s:223:4:225:Infinity":106,"s:224:6:224:Infinity":107,"s:227:4:233:Infinity":108,"f:239:8:239:Infinity":9,"b:240:70:240:Infinity":28,"b:241:55:241:Infinity":29,"b:243:4:243:Infinity:undefined:undefined:undefined:undefined":30,"s:243:4:243:Infinity":109,"b:243:8:243:27:243:27:243:50:243:50:243:75":31,"s:243:75:243:Infinity":110,"s:245:18:245:Infinity":111,"b:246:4:246:Infinity:undefined:undefined:undefined:undefined":32,"s:246:4:246:Infinity":112,"b:246:8:246:18:246:18:246:37":33,"s:246:37:246:Infinity":113,"s:248:39:248:Infinity":114,"s:250:70:250:Infinity":115,"b:251:4:256:Infinity:undefined:undefined:undefined:undefined":34,"s:251:4:256:Infinity":116,"s:252:6:255:Infinity":117,"s:257:56:257:Infinity":118,"b:258:4:258:Infinity:undefined:undefined:undefined:undefined":35,"s:258:4:258:Infinity":119,"s:258:15:258:Infinity":120,"s:260:53:260:Infinity":121,"s:263:22:263:Infinity":122,"s:264:21:264:Infinity":123,"s:266:20:270:Infinity":124,"s:272:23:272:Infinity":125,"b:273:4:273:Infinity:undefined:undefined:undefined:undefined":36,"s:273:4:273:Infinity":126,"s:273:21:273:Infinity":127,"s:274:21:274:Infinity":128,"b:275:4:275:Infinity:undefined:undefined:undefined:undefined":37,"s:275:4:275:Infinity":129,"s:275:19:275:Infinity":130,"s:277:17:282:Infinity":131,"s:283:4:283:Infinity":132,"f:286:2:286:18":10,"s:287:21:287:Infinity":133,"s:288:21:288:Infinity":134,"s:289:18:289:Infinity":135,"s:290:15:290:Infinity":136,"s:291:15:291:Infinity":137,"s:292:19:292:Infinity":138,"s:293:19:293:Infinity":139,"s:295:19:295:Infinity":140,"s:296:4:296:Infinity":141,"s:297:4:297:Infinity":142,"s:298:16:298:Infinity":143,"b:299:4:299:Infinity:undefined:undefined:undefined:undefined":38,"s:299:4:299:Infinity":144,"s:299:14:299:Infinity":145,"s:300:20:300:Infinity":146,"s:302:4:308:Infinity":147,"s:302:17:302:20":148,"s:303:18:303:Infinity":149,"b:303:33:303:39:303:39:303:Infinity":39,"s:304:6:304:Infinity":150,"s:305:6:305:Infinity":151,"s:306:6:306:Infinity":152,"s:307:6:307:Infinity":153,"s:309:4:309:Infinity":154,"s:311:24:311:Infinity":155,"s:312:4:312:Infinity":156,"s:313:4:313:Infinity":157,"s:314:17:314:Infinity":158,"b:315:4:315:Infinity:undefined:undefined:undefined:undefined":40,"s:315:4:315:Infinity":159,"s:315:15:315:Infinity":160,"s:316:4:316:Infinity":161,"s:318:25:318:Infinity":162,"s:319:33:319:Infinity":163,"s:320:4:323:Infinity":164,"s:320:17:320:20":165,"s:321:16:321:Infinity":166,"s:322:6:322:Infinity":167,"b:322:32:322:36:322:36:322:37":41,"s:324:4:324:Infinity":168,"f:331:9:331:26":11,"s:332:23:332:Infinity":169,"s:333:2:358:Infinity":170,"s:333:15:333:18":171,"s:334:16:334:Infinity":172,"s:335:22:335:Infinity":173,"s:336:22:336:Infinity":174,"s:337:4:337:Infinity":175,"s:338:14:338:Infinity":176,"s:339:16:339:Infinity":177,"s:340:15:340:Infinity":178,"s:341:13:341:Infinity":179,"b:342:4:356:Infinity:344:4:356:Infinity":42,"s:342:4:356:Infinity":180,"s:343:6:343:Infinity":181,"b:344:4:356:Infinity:347:11:356:Infinity":43,"s:344:4:356:Infinity":182,"s:345:6:345:Infinity":183,"s:346:6:346:Infinity":184,"b:346:18:346:33:346:33:346:Infinity":44,"b:346:18:346:29:346:29:346:33":45,"s:348:6:348:Infinity":185,"b:349:6:355:Infinity:351:6:355:Infinity":46,"s:349:6:355:Infinity":186,"s:350:8:350:Infinity":187,"b:351:6:355:Infinity:353:13:355:Infinity":47,"s:351:6:355:Infinity":188,"s:352:8:352:Infinity":189,"s:354:8:354:Infinity":190,"s:357:4:357:Infinity":191,"s:359:2:359:Infinity":192,"s:362:18:362:Infinity":193}}}
,"D:\\najib\\2_archived-projects\\image-processing\\SharpTensor\\src\\core\\sam_utils.ts": {"path":"D:\\najib\\2_archived-projects\\image-processing\\SharpTensor\\src\\core\\sam_utils.ts","statementMap":{"0":{"start":{"line":7,"column":31},"end":{"line":7,"column":53}},"1":{"start":{"line":13,"column":19},"end":{"line":13,"column":null}},"2":{"start":{"line":14,"column":17},"end":{"line":14,"column":null}},"3":{"start":{"line":15,"column":17},"end":{"line":15,"column":null}},"4":{"start":{"line":16,"column":4},"end":{"line":16,"column":null}},"5":{"start":{"line":20,"column":25},"end":{"line":20,"column":null}},"6":{"start":{"line":21,"column":25},"end":{"line":21,"column":null}},"7":{"start":{"line":24,"column":4},"end":{"line":24,"column":null}},"8":{"start":{"line":24,"column":34},"end":{"line":24,"column":72}},"9":{"start":{"line":32,"column":25},"end":{"line":32,"column":null}},"10":{"start":{"line":33,"column":25},"end":{"line":33,"column":null}},"11":{"start":{"line":35,"column":4},"end":{"line":40,"column":null}},"12":{"start":{"line":35,"column":28},"end":{"line":40,"column":5}},"13":{"start":{"line":49,"column":30},"end":{"line":49,"column":null}},"14":{"start":{"line":50,"column":36},"end":{"line":50,"column":null}},"15":{"start":{"line":51,"column":40},"end":{"line":51,"column":null}},"16":{"start":{"line":54,"column":4},"end":{"line":54,"column":null}},"17":{"start":{"line":55,"column":4},"end":{"line":60,"column":null}},"18":{"start":{"line":61,"column":4},"end":{"line":61,"column":null}},"19":{"start":{"line":62,"column":4},"end":{"line":62,"column":null}},"20":{"start":{"line":70,"column":14},"end":{"line":70,"column":null}},"21":{"start":{"line":71,"column":19},"end":{"line":71,"column":null}},"22":{"start":{"line":72,"column":20},"end":{"line":72,"column":null}},"23":{"start":{"line":74,"column":4},"end":{"line":84,"column":null}},"24":{"start":{"line":74,"column":17},"end":{"line":74,"column":20}},"25":{"start":{"line":75,"column":20},"end":{"line":75,"column":null}},"26":{"start":{"line":76,"column":16},"end":{"line":76,"column":null}},"27":{"start":{"line":77,"column":16},"end":{"line":77,"column":null}},"28":{"start":{"line":79,"column":6},"end":{"line":83,"column":null}},"29":{"start":{"line":79,"column":19},"end":{"line":79,"column":22}},"30":{"start":{"line":80,"column":14},"end":{"line":80,"column":null}},"31":{"start":{"line":81,"column":8},"end":{"line":81,"column":null}},"32":{"start":{"line":82,"column":8},"end":{"line":82,"column":null}},"33":{"start":{"line":85,"column":4},"end":{"line":85,"column":null}},"34":{"start":{"line":92,"column":23},"end":{"line":94,"column":null}},"35":{"start":{"line":93,"column":18},"end":{"line":93,"column":null}},"36":{"start":{"line":95,"column":4},"end":{"line":95,"column":null}},"37":{"start":{"line":107,"column":45},"end":{"line":107,"column":null}},"38":{"start":{"line":109,"column":4},"end":{"line":147,"column":null}},"39":{"start":{"line":110,"column":33},"end":{"line":110,"column":null}},"40":{"start":{"line":111,"column":26},"end":{"line":111,"column":null}},"41":{"start":{"line":112,"column":26},"end":{"line":112,"column":null}},"42":{"start":{"line":114,"column":6},"end":{"line":117,"column":null}},"43":{"start":{"line":115,"column":8},"end":{"line":115,"column":null}},"44":{"start":{"line":116,"column":8},"end":{"line":116,"column":null}},"45":{"start":{"line":119,"column":17},"end":{"line":122,"column":null}},"46":{"start":{"line":120,"column":31},"end":{"line":120,"column":75}},"47":{"start":{"line":123,"column":24},"end":{"line":123,"column":null}},"48":{"start":{"line":124,"column":21},"end":{"line":124,"column":null}},"49":{"start":{"line":126,"column":6},"end":{"line":146,"column":null}},"50":{"start":{"line":126,"column":19},"end":{"line":126,"column":22}},"51":{"start":{"line":127,"column":22},"end":{"line":127,"column":null}},"52":{"start":{"line":128,"column":26},"end":{"line":128,"column":null}},"53":{"start":{"line":129,"column":8},"end":{"line":131,"column":null}},"54":{"start":{"line":129,"column":21},"end":{"line":129,"column":24}},"55":{"start":{"line":130,"column":10},"end":{"line":130,"column":null}},"56":{"start":{"line":134,"column":8},"end":{"line":136,"column":null}},"57":{"start":{"line":134,"column":26},"end":{"line":134,"column":null}},"58":{"start":{"line":134,"column":57},"end":{"line":136,"column":null}},"59":{"start":{"line":135,"column":30},"end":{"line":135,"column":null}},"60":{"start":{"line":135,"column":67},"end":{"line":136,"column":null}},"61":{"start":{"line":136,"column":30},"end":{"line":136,"column":null}},"62":{"start":{"line":138,"column":8},"end":{"line":144,"column":null}},"63":{"start":{"line":139,"column":10},"end":{"line":143,"column":null}},"64":{"start":{"line":139,"column":23},"end":{"line":139,"column":26}},"65":{"start":{"line":140,"column":31},"end":{"line":140,"column":null}},"66":{"start":{"line":141,"column":31},"end":{"line":141,"column":null}},"67":{"start":{"line":142,"column":12},"end":{"line":142,"column":null}},"68":{"start":{"line":145,"column":8},"end":{"line":145,"column":null}},"69":{"start":{"line":149,"column":4},"end":{"line":174,"column":null}},"70":{"start":{"line":150,"column":16},"end":{"line":150,"column":null}},"71":{"start":{"line":151,"column":42},"end":{"line":154,"column":null}},"72":{"start":{"line":155,"column":17},"end":{"line":155,"column":null}},"73":{"start":{"line":156,"column":21},"end":{"line":156,"column":null}},"74":{"start":{"line":158,"column":6},"end":{"line":173,"column":null}},"75":{"start":{"line":158,"column":19},"end":{"line":158,"column":22}},"76":{"start":{"line":159,"column":26},"end":{"line":159,"column":null}},"77":{"start":{"line":160,"column":8},"end":{"line":162,"column":null}},"78":{"start":{"line":160,"column":21},"end":{"line":160,"column":24}},"79":{"start":{"line":161,"column":10},"end":{"line":161,"column":null}},"80":{"start":{"line":164,"column":24},"end":{"line":164,"column":null}},"81":{"start":{"line":165,"column":8},"end":{"line":171,"column":null}},"82":{"start":{"line":166,"column":10},"end":{"line":170,"column":null}},"83":{"start":{"line":166,"column":23},"end":{"line":166,"column":26}},"84":{"start":{"line":167,"column":31},"end":{"line":167,"column":null}},"85":{"start":{"line":168,"column":31},"end":{"line":168,"column":null}},"86":{"start":{"line":169,"column":12},"end":{"line":169,"column":null}},"87":{"start":{"line":172,"column":8},"end":{"line":172,"column":null}},"88":{"start":{"line":176,"column":28},"end":{"line":176,"column":null}},"89":{"start":{"line":177,"column":4},"end":{"line":179,"column":null}},"90":{"start":{"line":177,"column":17},"end":{"line":177,"column":20}},"91":{"start":{"line":178,"column":6},"end":{"line":178,"column":null}},"92":{"start":{"line":181,"column":22},"end":{"line":181,"column":null}},"93":{"start":{"line":182,"column":28},"end":{"line":182,"column":null}},"94":{"start":{"line":183,"column":19},"end":{"line":183,"column":null}},"95":{"start":{"line":184,"column":4},"end":{"line":186,"column":null}},"96":{"start":{"line":184,"column":17},"end":{"line":184,"column":20}},"97":{"start":{"line":185,"column":6},"end":{"line":185,"column":null}},"98":{"start":{"line":188,"column":4},"end":{"line":193,"column":null}},"99":{"start":{"line":211,"column":19},"end":{"line":211,"column":null}},"100":{"start":{"line":212,"column":4},"end":{"line":217,"column":null}},"101":{"start":{"line":212,"column":17},"end":{"line":212,"column":20}},"102":{"start":{"line":213,"column":6},"end":{"line":216,"column":null}},"103":{"start":{"line":214,"column":8},"end":{"line":214,"column":null}},"104":{"start":{"line":215,"column":8},"end":{"line":215,"column":null}},"105":{"start":{"line":219,"column":4},"end":{"line":219,"column":null}},"106":{"start":{"line":219,"column":25},"end":{"line":219,"column":null}},"107":{"start":{"line":221,"column":19},"end":{"line":221,"column":null}},"108":{"start":{"line":222,"column":19},"end":{"line":222,"column":null}},"109":{"start":{"line":225,"column":39},"end":{"line":225,"column":null}},"110":{"start":{"line":226,"column":16},"end":{"line":226,"column":null}},"111":{"start":{"line":227,"column":16},"end":{"line":227,"column":null}},"112":{"start":{"line":228,"column":16},"end":{"line":228,"column":null}},"113":{"start":{"line":229,"column":16},"end":{"line":229,"column":null}},"114":{"start":{"line":231,"column":23},"end":{"line":240,"column":null}},"115":{"start":{"line":242,"column":16},"end":{"line":242,"column":null}},"116":{"start":{"line":243,"column":20},"end":{"line":243,"column":null}},"117":{"start":{"line":245,"column":4},"end":{"line":283,"column":null}},"118":{"start":{"line":246,"column":6},"end":{"line":246,"column":null}},"119":{"start":{"line":249,"column":21},"end":{"line":249,"column":null}},"120":{"start":{"line":250,"column":6},"end":{"line":256,"column":null}},"121":{"start":{"line":250,"column":19},"end":{"line":250,"column":22}},"122":{"start":{"line":251,"column":20},"end":{"line":251,"column":null}},"123":{"start":{"line":252,"column":8},"end":{"line":255,"column":null}},"124":{"start":{"line":253,"column":10},"end":{"line":253,"column":null}},"125":{"start":{"line":254,"column":10},"end":{"line":254,"column":null}},"126":{"start":{"line":258,"column":18},"end":{"line":258,"column":null}},"127":{"start":{"line":259,"column":6},"end":{"line":279,"column":null}},"128":{"start":{"line":259,"column":19},"end":{"line":259,"column":22}},"129":{"start":{"line":260,"column":14},"end":{"line":260,"column":null}},"130":{"start":{"line":261,"column":20},"end":{"line":261,"column":null}},"131":{"start":{"line":262,"column":22},"end":{"line":262,"column":null}},"132":{"start":{"line":263,"column":22},"end":{"line":263,"column":null}},"133":{"start":{"line":265,"column":8},"end":{"line":278,"column":null}},"134":{"start":{"line":266,"column":10},"end":{"line":277,"column":null}},"135":{"start":{"line":267,"column":12},"end":{"line":267,"column":null}},"136":{"start":{"line":268,"column":12},"end":{"line":268,"column":null}},"137":{"start":{"line":269,"column":12},"end":{"line":269,"column":null}},"138":{"start":{"line":270,"column":12},"end":{"line":270,"column":null}},"139":{"start":{"line":271,"column":12},"end":{"line":271,"column":null}},"140":{"start":{"line":272,"column":12},"end":{"line":272,"column":null}},"141":{"start":{"line":275,"column":12},"end":{"line":275,"column":null}},"142":{"start":{"line":276,"column":12},"end":{"line":276,"column":null}},"143":{"start":{"line":281,"column":6},"end":{"line":281,"column":null}},"144":{"start":{"line":281,"column":60},"end":{"line":281,"column":null}},"145":{"start":{"line":282,"column":6},"end":{"line":282,"column":null}},"146":{"start":{"line":285,"column":4},"end":{"line":285,"column":null}},"147":{"start":{"line":292,"column":4},"end":{"line":292,"column":null}},"148":{"start":{"line":292,"column":28},"end":{"line":292,"column":null}},"149":{"start":{"line":294,"column":24},"end":{"line":294,"column":null}},"150":{"start":{"line":295,"column":25},"end":{"line":318,"column":null}},"151":{"start":{"line":300,"column":22},"end":{"line":300,"column":null}},"152":{"start":{"line":301,"column":18},"end":{"line":301,"column":null}},"153":{"start":{"line":303,"column":6},"end":{"line":309,"column":null}},"154":{"start":{"line":303,"column":19},"end":{"line":303,"column":30}},"155":{"start":{"line":304,"column":23},"end":{"line":304,"column":null}},"156":{"start":{"line":305,"column":8},"end":{"line":308,"column":null}},"157":{"start":{"line":306,"column":10},"end":{"line":306,"column":null}},"158":{"start":{"line":307,"column":10},"end":{"line":307,"column":null}},"159":{"start":{"line":311,"column":6},"end":{"line":317,"column":null}},"160":{"start":{"line":312,"column":21},"end":{"line":312,"column":null}},"161":{"start":{"line":313,"column":21},"end":{"line":313,"column":null}},"162":{"start":{"line":314,"column":8},"end":{"line":314,"column":null}},"163":{"start":{"line":316,"column":8},"end":{"line":316,"column":null}},"164":{"start":{"line":320,"column":4},"end":{"line":320,"column":null}},"165":{"start":{"line":328,"column":12},"end":{"line":328,"column":null}},"166":{"start":{"line":329,"column":10},"end":{"line":329,"column":null}},"167":{"start":{"line":330,"column":11},"end":{"line":330,"column":null}},"168":{"start":{"line":331,"column":11},"end":{"line":331,"column":null}},"169":{"start":{"line":332,"column":4},"end":{"line":341,"column":null}},"170":{"start":{"line":333,"column":12},"end":{"line":333,"column":null}},"171":{"start":{"line":334,"column":6},"end":{"line":340,"column":null}},"172":{"start":{"line":335,"column":8},"end":{"line":335,"column":null}},"173":{"start":{"line":336,"column":8},"end":{"line":336,"column":null}},"174":{"start":{"line":337,"column":6},"end":{"line":340,"column":null}},"175":{"start":{"line":338,"column":8},"end":{"line":338,"column":null}},"176":{"start":{"line":339,"column":8},"end":{"line":339,"column":null}},"177":{"start":{"line":342,"column":4},"end":{"line":342,"column":null}},"178":{"start":{"line":343,"column":4},"end":{"line":343,"column":null}},"179":{"start":{"line":344,"column":4},"end":{"line":344,"column":null}}},"fnMap":{"0":{"name":"(anonymous_0)","decl":{"start":{"line":7,"column":2},"end":{"line":7,"column":31}},"loc":{"start":{"line":7,"column":53},"end":{"line":7,"column":null}},"line":7},"1":{"name":"(anonymous_1)","decl":{"start":{"line":12,"column":9},"end":{"line":12,"column":28}},"loc":{"start":{"line":12,"column":98},"end":{"line":17,"column":null}},"line":12},"2":{"name":"(anonymous_2)","decl":{"start":{"line":19,"column":2},"end":{"line":19,"column":14}},"loc":{"start":{"line":19,"column":94},"end":{"line":25,"column":null}},"line":19},"3":{"name":"(anonymous_3)","decl":{"start":{"line":24,"column":22},"end":{"line":24,"column":23}},"loc":{"start":{"line":24,"column":34},"end":{"line":24,"column":72}},"line":24},"4":{"name":"(anonymous_4)","decl":{"start":{"line":27,"column":2},"end":{"line":27,"column":null}},"loc":{"start":{"line":30,"column":40},"end":{"line":41,"column":null}},"line":30},"5":{"name":"(anonymous_5)","decl":{"start":{"line":35,"column":21},"end":{"line":35,"column":22}},"loc":{"start":{"line":35,"column":28},"end":{"line":40,"column":5}},"line":35},"6":{"name":"(anonymous_6)","decl":{"start":{"line":53,"column":2},"end":{"line":53,"column":14}},"loc":{"start":{"line":53,"column":44},"end":{"line":63,"column":null}},"line":53},"7":{"name":"(anonymous_7)","decl":{"start":{"line":68,"column":10},"end":{"line":68,"column":22}},"loc":{"start":{"line":68,"column":64},"end":{"line":86,"column":null}},"line":68},"8":{"name":"(anonymous_8)","decl":{"start":{"line":88,"column":2},"end":{"line":88,"column":null}},"loc":{"start":{"line":91,"column":18},"end":{"line":96,"column":null}},"line":91},"9":{"name":"(anonymous_9)","decl":{"start":{"line":93,"column":6},"end":{"line":93,"column":7}},"loc":{"start":{"line":93,"column":18},"end":{"line":93,"column":null}},"line":93},"10":{"name":"(anonymous_10)","decl":{"start":{"line":98,"column":2},"end":{"line":98,"column":null}},"loc":{"start":{"line":106,"column":4},"end":{"line":194,"column":null}},"line":106},"11":{"name":"(anonymous_11)","decl":{"start":{"line":120,"column":24},"end":{"line":120,"column":25}},"loc":{"start":{"line":120,"column":31},"end":{"line":120,"column":75}},"line":120},"12":{"name":"(anonymous_12)","decl":{"start":{"line":205,"column":9},"end":{"line":205,"column":null}},"loc":{"start":{"line":209,"column":31},"end":{"line":286,"column":null}},"line":209},"13":{"name":"(anonymous_13)","decl":{"start":{"line":291,"column":9},"end":{"line":291,"column":18}},"loc":{"start":{"line":291,"column":85},"end":{"line":321,"column":null}},"line":291},"14":{"name":"(anonymous_14)","decl":{"start":{"line":295,"column":25},"end":{"line":295,"column":null}},"loc":{"start":{"line":299,"column":29},"end":{"line":318,"column":null}},"line":299},"15":{"name":"(anonymous_15)","decl":{"start":{"line":323,"column":17},"end":{"line":323,"column":null}},"loc":{"start":{"line":327,"column":12},"end":{"line":345,"column":null}},"line":327}},"branchMap":{"0":{"loc":{"start":{"line":62,"column":23},"end":{"line":62,"column":null}},"type":"binary-expr","locations":[{"start":{"line":62,"column":23},"end":{"line":62,"column":64}},{"start":{"line":62,"column":64},"end":{"line":62,"column":null}}],"line":62},"1":{"loc":{"start":{"line":109,"column":4},"end":{"line":147,"column":null}},"type":"if","locations":[{"start":{"line":109,"column":4},"end":{"line":147,"column":null}},{"start":{},"end":{}}],"line":109},"2":{"loc":{"start":{"line":114,"column":6},"end":{"line":117,"column":null}},"type":"if","locations":[{"start":{"line":114,"column":6},"end":{"line":117,"column":null}},{"start":{},"end":{}}],"line":114},"3":{"loc":{"start":{"line":134,"column":8},"end":{"line":136,"column":null}},"type":"if","locations":[{"start":{"line":134,"column":8},"end":{"line":136,"column":null}},{"start":{"line":134,"column":57},"end":{"line":136,"column":null}}],"line":134},"4":{"loc":{"start":{"line":134,"column":57},"end":{"line":136,"column":null}},"type":"if","locations":[{"start":{"line":134,"column":57},"end":{"line":136,"column":null}},{"start":{"line":135,"column":67},"end":{"line":136,"column":null}}],"line":134},"5":{"loc":{"start":{"line":135,"column":67},"end":{"line":136,"column":null}},"type":"if","locations":[{"start":{"line":135,"column":67},"end":{"line":136,"column":null}},{"start":{},"end":{}}],"line":135},"6":{"loc":{"start":{"line":138,"column":8},"end":{"line":144,"column":null}},"type":"if","locations":[{"start":{"line":138,"column":8},"end":{"line":144,"column":null}},{"start":{},"end":{}}],"line":138},"7":{"loc":{"start":{"line":140,"column":31},"end":{"line":140,"column":null}},"type":"binary-expr","locations":[{"start":{"line":140,"column":31},"end":{"line":140,"column":47}},{"start":{"line":140,"column":47},"end":{"line":140,"column":null}}],"line":140},"8":{"loc":{"start":{"line":141,"column":31},"end":{"line":141,"column":null}},"type":"binary-expr","locations":[{"start":{"line":141,"column":31},"end":{"line":141,"column":45}},{"start":{"line":141,"column":45},"end":{"line":141,"column":null}}],"line":141},"9":{"loc":{"start":{"line":149,"column":4},"end":{"line":174,"column":null}},"type":"if","locations":[{"start":{"line":149,"column":4},"end":{"line":174,"column":null}},{"start":{},"end":{}}],"line":149},"10":{"loc":{"start":{"line":149,"column":8},"end":{"line":149,"column":27}},"type":"binary-expr","locations":[{"start":{"line":149,"column":8},"end":{"line":149,"column":17}},{"start":{"line":149,"column":17},"end":{"line":149,"column":27}}],"line":149},"11":{"loc":{"start":{"line":165,"column":8},"end":{"line":171,"column":null}},"type":"if","locations":[{"start":{"line":165,"column":8},"end":{"line":171,"column":null}},{"start":{},"end":{}}],"line":165},"12":{"loc":{"start":{"line":167,"column":31},"end":{"line":167,"column":null}},"type":"binary-expr","locations":[{"start":{"line":167,"column":31},"end":{"line":167,"column":47}},{"start":{"line":167,"column":47},"end":{"line":167,"column":null}}],"line":167},"13":{"loc":{"start":{"line":168,"column":31},"end":{"line":168,"column":null}},"type":"binary-expr","locations":[{"start":{"line":168,"column":31},"end":{"line":168,"column":45}},{"start":{"line":168,"column":45},"end":{"line":168,"column":null}}],"line":168},"14":{"loc":{"start":{"line":213,"column":6},"end":{"line":216,"column":null}},"type":"if","locations":[{"start":{"line":213,"column":6},"end":{"line":216,"column":null}},{"start":{},"end":{}}],"line":213},"15":{"loc":{"start":{"line":219,"column":4},"end":{"line":219,"column":null}},"type":"if","locations":[{"start":{"line":219,"column":4},"end":{"line":219,"column":null}},{"start":{},"end":{}}],"line":219},"16":{"loc":{"start":{"line":252,"column":8},"end":{"line":255,"column":null}},"type":"if","locations":[{"start":{"line":252,"column":8},"end":{"line":255,"column":null}},{"start":{},"end":{}}],"line":252},"17":{"loc":{"start":{"line":252,"column":12},"end":{"line":252,"column":66}},"type":"binary-expr","locations":[{"start":{"line":252,"column":12},"end":{"line":252,"column":40}},{"start":{"line":252,"column":40},"end":{"line":252,"column":66}}],"line":252},"18":{"loc":{"start":{"line":265,"column":8},"end":{"line":278,"column":null}},"type":"if","locations":[{"start":{"line":265,"column":8},"end":{"line":278,"column":null}},{"start":{},"end":{}}],"line":265},"19":{"loc":{"start":{"line":265,"column":12},"end":{"line":265,"column":73}},"type":"binary-expr","locations":[{"start":{"line":265,"column":12},"end":{"line":265,"column":26}},{"start":{"line":265,"column":26},"end":{"line":265,"column":43}},{"start":{"line":265,"column":43},"end":{"line":265,"column":57}},{"start":{"line":265,"column":57},"end":{"line":265,"column":73}}],"line":265},"20":{"loc":{"start":{"line":266,"column":10},"end":{"line":277,"column":null}},"type":"if","locations":[{"start":{"line":266,"column":10},"end":{"line":277,"column":null}},{"start":{"line":273,"column":17},"end":{"line":277,"column":null}}],"line":266},"21":{"loc":{"start":{"line":281,"column":6},"end":{"line":281,"column":null}},"type":"if","locations":[{"start":{"line":281,"column":6},"end":{"line":281,"column":null}},{"start":{},"end":{}}],"line":281},"22":{"loc":{"start":{"line":281,"column":10},"end":{"line":281,"column":60}},"type":"binary-expr","locations":[{"start":{"line":281,"column":10},"end":{"line":281,"column":21}},{"start":{"line":281,"column":21},"end":{"line":281,"column":41}},{"start":{"line":281,"column":41},"end":{"line":281,"column":60}}],"line":281},"23":{"loc":{"start":{"line":292,"column":4},"end":{"line":292,"column":null}},"type":"if","locations":[{"start":{"line":292,"column":4},"end":{"line":292,"column":null}},{"start":{},"end":{}}],"line":292},"24":{"loc":{"start":{"line":305,"column":8},"end":{"line":308,"column":null}},"type":"if","locations":[{"start":{"line":305,"column":8},"end":{"line":308,"column":null}},{"start":{},"end":{}}],"line":305},"25":{"loc":{"start":{"line":311,"column":6},"end":{"line":317,"column":null}},"type":"if","locations":[{"start":{"line":311,"column":6},"end":{"line":317,"column":null}},{"start":{"line":315,"column":13},"end":{"line":317,"column":null}}],"line":311},"26":{"loc":{"start":{"line":332,"column":4},"end":{"line":341,"column":null}},"type":"if","locations":[{"start":{"line":332,"column":4},"end":{"line":341,"column":null}},{"start":{},"end":{}}],"line":332},"27":{"loc":{"start":{"line":332,"column":8},"end":{"line":332,"column":30}},"type":"binary-expr","locations":[{"start":{"line":332,"column":8},"end":{"line":332,"column":20}},{"start":{"line":332,"column":20},"end":{"line":332,"column":30}}],"line":332},"28":{"loc":{"start":{"line":334,"column":6},"end":{"line":340,"column":null}},"type":"if","locations":[{"start":{"line":334,"column":6},"end":{"line":340,"column":null}},{"start":{"line":337,"column":6},"end":{"line":340,"column":null}}],"line":334},"29":{"loc":{"start":{"line":337,"column":6},"end":{"line":340,"column":null}},"type":"if","locations":[{"start":{"line":337,"column":6},"end":{"line":340,"column":null}},{"start":{},"end":{}}],"line":337}},"s":{"0":9,"1":4,"2":4,"3":4,"4":4,"5":1,"6":1,"7":1,"8":2,"9":1,"10":1,"11":1,"12":1,"13":2,"14":2,"15":2,"16":2,"17":2,"18":2,"19":2,"20":4,"21":4,"22":4,"23":4,"24":4,"25":7,"26":7,"27":7,"28":7,"29":7,"30":896,"31":896,"32":896,"33":4,"34":4,"35":7,"36":4,"37":3,"38":3,"39":2,"40":2,"41":2,"42":2,"43":1,"44":1,"45":2,"46":3,"47":2,"48":2,"49":2,"50":2,"51":3,"52":3,"53":3,"54":3,"55":768,"56":3,"57":1,"58":2,"59":0,"60":2,"61":2,"62":3,"63":3,"64":3,"65":768,"66":768,"67":768,"68":3,"69":3,"70":2,"71":2,"72":2,"73":2,"74":2,"75":2,"76":4,"77":4,"78":4,"79":1024,"80":4,"81":4,"82":4,"83":4,"84":1024,"85":1024,"86":1024,"87":4,"88":3,"89":3,"90":3,"91":7,"92":3,"93":3,"94":3,"95":3,"96":3,"97":12288,"98":3,"99":2,"100":2,"101":2,"102":10,"103":1,"104":1,"105":2,"106":1,"107":1,"108":1,"109":1,"110":1,"111":1,"112":1,"113":1,"114":1,"115":1,"116":1,"117":1,"118":4,"119":4,"120":4,"121":4,"122":18,"123":18,"124":4,"125":4,"126":4,"127":4,"128":4,"129":22,"130":22,"131":22,"132":22,"133":22,"134":22,"135":4,"136":4,"137":4,"138":4,"139":4,"140":4,"141":18,"142":18,"143":4,"144":1,"145":3,"146":1,"147":2,"148":0,"149":2,"150":2,"151":8,"152":8,"153":8,"154":8,"155":10,"156":10,"157":8,"158":8,"159":8,"160":3,"161":3,"162":3,"163":5,"164":2,"165":10,"166":10,"167":10,"168":10,"169":10,"170":10,"171":10,"172":1,"173":1,"174":9,"175":7,"176":7,"177":10,"178":10,"179":10},"f":{"0":9,"1":3,"2":1,"3":2,"4":1,"5":1,"6":2,"7":4,"8":4,"9":7,"10":3,"11":3,"12":3,"13":3,"14":8,"15":3},"b":{"0":[2,0],"1":[2,1],"2":[1,1],"3":[1,2],"4":[0,2],"5":[2,0],"6":[3,0],"7":[768,0],"8":[768,0],"9":[2,1],"10":[3,2],"11":[4,0],"12":[1024,0],"13":[1024,0],"14":[1,9],"15":[1,1],"16":[4,14],"17":[18,7],"18":[22,0],"19":[22,22,22,22],"20":[4,18],"21":[1,3],"22":[4,4,2],"23":[0,2],"24":[8,2],"25":[3,5],"26":[10,0],"27":[10,6],"28":[1,9],"29":[7,2]},"meta":{"lastBranch":30,"lastFunction":16,"lastStatement":180,"seen":{"f:7:2:7:31":0,"s:7:31:7:53":0,"f:12:9:12:28":1,"s:13:19:13:Infinity":1,"s:14:17:14:Infinity":2,"s:15:17:15:Infinity":3,"s:16:4:16:Infinity":4,"f:19:2:19:14":2,"s:20:25:20:Infinity":5,"s:21:25:21:Infinity":6,"s:24:4:24:Infinity":7,"f:24:22:24:23":3,"s:24:34:24:72":8,"f:27:2:27:Infinity":4,"s:32:25:32:Infinity":9,"s:33:25:33:Infinity":10,"s:35:4:40:Infinity":11,"f:35:21:35:22":5,"s:35:28:40:5":12,"s:49:30:49:Infinity":13,"s:50:36:50:Infinity":14,"s:51:40:51:Infinity":15,"f:53:2:53:14":6,"s:54:4:54:Infinity":16,"s:55:4:60:Infinity":17,"s:61:4:61:Infinity":18,"s:62:4:62:Infinity":19,"b:62:23:62:64:62:64:62:Infinity":0,"f:68:10:68:22":7,"s:70:14:70:Infinity":20,"s:71:19:71:Infinity":21,"s:72:20:72:Infinity":22,"s:74:4:84:Infinity":23,"s:74:17:74:20":24,"s:75:20:75:Infinity":25,"s:76:16:76:Infinity":26,"s:77:16:77:Infinity":27,"s:79:6:83:Infinity":28,"s:79:19:79:22":29,"s:80:14:80:Infinity":30,"s:81:8:81:Infinity":31,"s:82:8:82:Infinity":32,"s:85:4:85:Infinity":33,"f:88:2:88:Infinity":8,"s:92:23:94:Infinity":34,"f:93:6:93:7":9,"s:93:18:93:Infinity":35,"s:95:4:95:Infinity":36,"f:98:2:98:Infinity":10,"s:107:45:107:Infinity":37,"b:109:4:147:Infinity:undefined:undefined:undefined:undefined":1,"s:109:4:147:Infinity":38,"s:110:33:110:Infinity":39,"s:111:26:111:Infinity":40,"s:112:26:112:Infinity":41,"b:114:6:117:Infinity:undefined:undefined:undefined:undefined":2,"s:114:6:117:Infinity":42,"s:115:8:115:Infinity":43,"s:116:8:116:Infinity":44,"s:119:17:122:Infinity":45,"f:120:24:120:25":11,"s:120:31:120:75":46,"s:123:24:123:Infinity":47,"s:124:21:124:Infinity":48,"s:126:6:146:Infinity":49,"s:126:19:126:22":50,"s:127:22:127:Infinity":51,"s:128:26:128:Infinity":52,"s:129:8:131:Infinity":53,"s:129:21:129:24":54,"s:130:10:130:Infinity":55,"b:134:8:136:Infinity:134:57:136:Infinity":3,"s:134:8:136:Infinity":56,"s:134:26:134:Infinity":57,"b:134:57:136:Infinity:135:67:136:Infinity":4,"s:134:57:136:Infinity":58,"s:135:30:135:Infinity":59,"b:135:67:136:Infinity:undefined:undefined:undefined:undefined":5,"s:135:67:136:Infinity":60,"s:136:30:136:Infinity":61,"b:138:8:144:Infinity:undefined:undefined:undefined:undefined":6,"s:138:8:144:Infinity":62,"s:139:10:143:Infinity":63,"s:139:23:139:26":64,"s:140:31:140:Infinity":65,"b:140:31:140:47:140:47:140:Infinity":7,"s:141:31:141:Infinity":66,"b:141:31:141:45:141:45:141:Infinity":8,"s:142:12:142:Infinity":67,"s:145:8:145:Infinity":68,"b:149:4:174:Infinity:undefined:undefined:undefined:undefined":9,"s:149:4:174:Infinity":69,"b:149:8:149:17:149:17:149:27":10,"s:150:16:150:Infinity":70,"s:151:42:154:Infinity":71,"s:155:17:155:Infinity":72,"s:156:21:156:Infinity":73,"s:158:6:173:Infinity":74,"s:158:19:158:22":75,"s:159:26:159:Infinity":76,"s:160:8:162:Infinity":77,"s:160:21:160:24":78,"s:161:10:161:Infinity":79,"s:164:24:164:Infinity":80,"b:165:8:171:Infinity:undefined:undefined:undefined:undefined":11,"s:165:8:171:Infinity":81,"s:166:10:170:Infinity":82,"s:166:23:166:26":83,"s:167:31:167:Infinity":84,"b:167:31:167:47:167:47:167:Infinity":12,"s:168:31:168:Infinity":85,"b:168:31:168:45:168:45:168:Infinity":13,"s:169:12:169:Infinity":86,"s:172:8:172:Infinity":87,"s:176:28:176:Infinity":88,"s:177:4:179:Infinity":89,"s:177:17:177:20":90,"s:178:6:178:Infinity":91,"s:181:22:181:Infinity":92,"s:182:28:182:Infinity":93,"s:183:19:183:Infinity":94,"s:184:4:186:Infinity":95,"s:184:17:184:20":96,"s:185:6:185:Infinity":97,"s:188:4:193:Infinity":98,"f:205:9:205:Infinity":12,"s:211:19:211:Infinity":99,"s:212:4:217:Infinity":100,"s:212:17:212:20":101,"b:213:6:216:Infinity:undefined:undefined:undefined:undefined":14,"s:213:6:216:Infinity":102,"s:214:8:214:Infinity":103,"s:215:8:215:Infinity":104,"b:219:4:219:Infinity:undefined:undefined:undefined:undefined":15,"s:219:4:219:Infinity":105,"s:219:25:219:Infinity":106,"s:221:19:221:Infinity":107,"s:222:19:222:Infinity":108,"s:225:39:225:Infinity":109,"s:226:16:226:Infinity":110,"s:227:16:227:Infinity":111,"s:228:16:228:Infinity":112,"s:229:16:229:Infinity":113,"s:231:23:240:Infinity":114,"s:242:16:242:Infinity":115,"s:243:20:243:Infinity":116,"s:245:4:283:Infinity":117,"s:246:6:246:Infinity":118,"s:249:21:249:Infinity":119,"s:250:6:256:Infinity":120,"s:250:19:250:22":121,"s:251:20:251:Infinity":122,"b:252:8:255:Infinity:undefined:undefined:undefined:undefined":16,"s:252:8:255:Infinity":123,"b:252:12:252:40:252:40:252:66":17,"s:253:10:253:Infinity":124,"s:254:10:254:Infinity":125,"s:258:18:258:Infinity":126,"s:259:6:279:Infinity":127,"s:259:19:259:22":128,"s:260:14:260:Infinity":129,"s:261:20:261:Infinity":130,"s:262:22:262:Infinity":131,"s:263:22:263:Infinity":132,"b:265:8:278:Infinity:undefined:undefined:undefined:undefined":18,"s:265:8:278:Infinity":133,"b:265:12:265:26:265:26:265:43:265:43:265:57:265:57:265:73":19,"b:266:10:277:Infinity:273:17:277:Infinity":20,"s:266:10:277:Infinity":134,"s:267:12:267:Infinity":135,"s:268:12:268:Infinity":136,"s:269:12:269:Infinity":137,"s:270:12:270:Infinity":138,"s:271:12:271:Infinity":139,"s:272:12:272:Infinity":140,"s:275:12:275:Infinity":141,"s:276:12:276:Infinity":142,"b:281:6:281:Infinity:undefined:undefined:undefined:undefined":21,"s:281:6:281:Infinity":143,"b:281:10:281:21:281:21:281:41:281:41:281:60":22,"s:281:60:281:Infinity":144,"s:282:6:282:Infinity":145,"s:285:4:285:Infinity":146,"f:291:9:291:18":13,"b:292:4:292:Infinity:undefined:undefined:undefined:undefined":23,"s:292:4:292:Infinity":147,"s:292:28:292:Infinity":148,"s:294:24:294:Infinity":149,"s:295:25:318:Infinity":150,"f:295:25:295:Infinity":14,"s:300:22:300:Infinity":151,"s:301:18:301:Infinity":152,"s:303:6:309:Infinity":153,"s:303:19:303:30":154,"s:304:23:304:Infinity":155,"b:305:8:308:Infinity:undefined:undefined:undefined:undefined":24,"s:305:8:308:Infinity":156,"s:306:10:306:Infinity":157,"s:307:10:307:Infinity":158,"b:311:6:317:Infinity:315:13:317:Infinity":25,"s:311:6:317:Infinity":159,"s:312:21:312:Infinity":160,"s:313:21:313:Infinity":161,"s:314:8:314:Infinity":162,"s:316:8:316:Infinity":163,"s:320:4:320:Infinity":164,"f:323:17:323:Infinity":15,"s:328:12:328:Infinity":165,"s:329:10:329:Infinity":166,"s:330:11:330:Infinity":167,"s:331:11:331:Infinity":168,"b:332:4:341:Infinity:undefined:undefined:undefined:undefined":26,"s:332:4:341:Infinity":169,"b:332:8:332:20:332:20:332:30":27,"s:333:12:333:Infinity":170,"b:334:6:340:Infinity:337:6:340:Infinity":28,"s:334:6:340:Infinity":171,"s:335:8:335:Infinity":172,"s:336:8:336:Infinity":173,"b:337:6:340:Infinity:undefined:undefined:undefined:undefined":29,"s:337:6:340:Infinity":174,"s:338:8:338:Infinity":175,"s:339:8:339:Infinity":176,"s:342:4:342:Infinity":177,"s:343:4:343:Infinity":178,"s:344:4:344:Infinity":179}}}
,"D:\\najib\\2_archived-projects\\image-processing\\SharpTensor\\src\\core\\state.ts": {"path":"D:\\najib\\2_archived-projects\\image-processing\\SharpTensor\\src\\core\\state.ts","statementMap":{"0":{"start":{"line":14,"column":4},"end":{"line":44,"column":null}},"1":{"start":{"line":46,"column":4},"end":{"line":46,"column":null}},"2":{"start":{"line":47,"column":4},"end":{"line":47,"column":null}},"3":{"start":{"line":48,"column":4},"end":{"line":48,"column":null}},"4":{"start":{"line":55,"column":21},"end":{"line":55,"column":null}},"5":{"start":{"line":57,"column":4},"end":{"line":57,"column":null}},"6":{"start":{"line":57,"column":93},"end":{"line":57,"column":null}},"7":{"start":{"line":59,"column":4},"end":{"line":59,"column":null}},"8":{"start":{"line":60,"column":4},"end":{"line":60,"column":null}},"9":{"start":{"line":60,"column":36},"end":{"line":60,"column":null}},"10":{"start":{"line":61,"column":4},"end":{"line":61,"column":null}},"11":{"start":{"line":65,"column":4},"end":{"line":65,"column":null}},"12":{"start":{"line":65,"column":37},"end":{"line":65,"column":null}},"13":{"start":{"line":68,"column":25},"end":{"line":68,"column":null}},"14":{"start":{"line":69,"column":4},"end":{"line":69,"column":null}},"15":{"start":{"line":71,"column":29},"end":{"line":71,"column":null}},"16":{"start":{"line":72,"column":4},"end":{"line":75,"column":null}},"17":{"start":{"line":73,"column":23},"end":{"line":73,"column":null}},"18":{"start":{"line":74,"column":6},"end":{"line":74,"column":null}},"19":{"start":{"line":79,"column":4},"end":{"line":79,"column":null}},"20":{"start":{"line":79,"column":37},"end":{"line":79,"column":null}},"21":{"start":{"line":82,"column":25},"end":{"line":82,"column":null}},"22":{"start":{"line":83,"column":4},"end":{"line":83,"column":null}},"23":{"start":{"line":85,"column":25},"end":{"line":85,"column":null}},"24":{"start":{"line":86,"column":4},"end":{"line":89,"column":null}},"25":{"start":{"line":87,"column":19},"end":{"line":87,"column":null}},"26":{"start":{"line":88,"column":6},"end":{"line":88,"column":null}},"27":{"start":{"line":96,"column":4},"end":{"line":96,"column":null}},"28":{"start":{"line":97,"column":4},"end":{"line":99,"column":null}},"29":{"start":{"line":98,"column":6},"end":{"line":98,"column":null}},"30":{"start":{"line":98,"column":52},"end":{"line":98,"column":66}},"31":{"start":{"line":106,"column":21},"end":{"line":106,"column":null}},"32":{"start":{"line":107,"column":4},"end":{"line":107,"column":null}},"33":{"start":{"line":108,"column":4},"end":{"line":108,"column":null}},"34":{"start":{"line":112,"column":4},"end":{"line":112,"column":null}},"35":{"start":{"line":112,"column":41},"end":{"line":112,"column":70}},"36":{"start":{"line":119,"column":4},"end":{"line":119,"column":null}},"37":{"start":{"line":119,"column":41},"end":{"line":119,"column":null}},"38":{"start":{"line":120,"column":4},"end":{"line":120,"column":null}},"39":{"start":{"line":125,"column":21},"end":{"line":125,"column":null}}},"fnMap":{"0":{"name":"(anonymous_0)","decl":{"start":{"line":13,"column":2},"end":{"line":13,"column":16}},"loc":{"start":{"line":13,"column":16},"end":{"line":49,"column":null}},"line":13},"1":{"name":"(anonymous_1)","decl":{"start":{"line":54,"column":2},"end":{"line":54,"column":22}},"loc":{"start":{"line":54,"column":22},"end":{"line":62,"column":null}},"line":54},"2":{"name":"(anonymous_2)","decl":{"start":{"line":64,"column":2},"end":{"line":64,"column":15}},"loc":{"start":{"line":64,"column":15},"end":{"line":76,"column":null}},"line":64},"3":{"name":"(anonymous_3)","decl":{"start":{"line":78,"column":2},"end":{"line":78,"column":15}},"loc":{"start":{"line":78,"column":15},"end":{"line":90,"column":null}},"line":78},"4":{"name":"(anonymous_4)","decl":{"start":{"line":95,"column":2},"end":{"line":95,"column":12}},"loc":{"start":{"line":95,"column":88},"end":{"line":100,"column":null}},"line":95},"5":{"name":"(anonymous_5)","decl":{"start":{"line":97,"column":11},"end":{"line":97,"column":17}},"loc":{"start":{"line":97,"column":17},"end":{"line":99,"column":null}},"line":97},"6":{"name":"(anonymous_6)","decl":{"start":{"line":98,"column":45},"end":{"line":98,"column":46}},"loc":{"start":{"line":98,"column":52},"end":{"line":98,"column":66}},"line":98},"7":{"name":"(anonymous_7)","decl":{"start":{"line":105,"column":2},"end":{"line":105,"column":6}},"loc":{"start":{"line":105,"column":48},"end":{"line":109,"column":null}},"line":105},"8":{"name":"(anonymous_8)","decl":{"start":{"line":111,"column":10},"end":{"line":111,"column":17}},"loc":{"start":{"line":111,"column":47},"end":{"line":113,"column":null}},"line":111},"9":{"name":"(anonymous_9)","decl":{"start":{"line":112,"column":27},"end":{"line":112,"column":28}},"loc":{"start":{"line":112,"column":41},"end":{"line":112,"column":70}},"line":112},"10":{"name":"(anonymous_10)","decl":{"start":{"line":118,"column":6},"end":{"line":118,"column":21}},"loc":{"start":{"line":118,"column":21},"end":{"line":121,"column":null}},"line":118}},"branchMap":{"0":{"loc":{"start":{"line":57,"column":4},"end":{"line":57,"column":null}},"type":"if","locations":[{"start":{"line":57,"column":4},"end":{"line":57,"column":null}},{"start":{},"end":{}}],"line":57},"1":{"loc":{"start":{"line":57,"column":8},"end":{"line":57,"column":93}},"type":"binary-expr","locations":[{"start":{"line":57,"column":8},"end":{"line":57,"column":37}},{"start":{"line":57,"column":37},"end":{"line":57,"column":93}}],"line":57},"2":{"loc":{"start":{"line":60,"column":4},"end":{"line":60,"column":null}},"type":"if","locations":[{"start":{"line":60,"column":4},"end":{"line":60,"column":null}},{"start":{},"end":{}}],"line":60},"3":{"loc":{"start":{"line":65,"column":4},"end":{"line":65,"column":null}},"type":"if","locations":[{"start":{"line":65,"column":4},"end":{"line":65,"column":null}},{"start":{},"end":{}}],"line":65},"4":{"loc":{"start":{"line":72,"column":4},"end":{"line":75,"column":null}},"type":"if","locations":[{"start":{"line":72,"column":4},"end":{"line":75,"column":null}},{"start":{},"end":{}}],"line":72},"5":{"loc":{"start":{"line":79,"column":4},"end":{"line":79,"column":null}},"type":"if","locations":[{"start":{"line":79,"column":4},"end":{"line":79,"column":null}},{"start":{},"end":{}}],"line":79},"6":{"loc":{"start":{"line":86,"column":4},"end":{"line":89,"column":null}},"type":"if","locations":[{"start":{"line":86,"column":4},"end":{"line":89,"column":null}},{"start":{},"end":{}}],"line":86},"7":{"loc":{"start":{"line":119,"column":4},"end":{"line":119,"column":null}},"type":"if","locations":[{"start":{"line":119,"column":4},"end":{"line":119,"column":null}},{"start":{},"end":{}}],"line":119},"8":{"loc":{"start":{"line":120,"column":11},"end":{"line":120,"column":null}},"type":"binary-expr","locations":[{"start":{"line":120,"column":11},"end":{"line":120,"column":60}},{"start":{"line":120,"column":60},"end":{"line":120,"column":null}}],"line":120}},"s":{"0":10,"1":10,"2":10,"3":10,"4":8,"5":8,"6":1,"7":7,"8":7,"9":0,"10":7,"11":2,"12":0,"13":2,"14":2,"15":2,"16":2,"17":2,"18":2,"19":1,"20":0,"21":1,"22":1,"23":1,"24":1,"25":1,"26":1,"27":2,"28":2,"29":1,"30":1,"31":34,"32":34,"33":34,"34":34,"35":1,"36":2,"37":1,"38":1,"39":2},"f":{"0":10,"1":8,"2":2,"3":1,"4":2,"5":1,"6":1,"7":34,"8":34,"9":1,"10":2},"b":{"0":[1,7],"1":[8,4],"2":[0,7],"3":[0,2],"4":[2,0],"5":[0,1],"6":[1,0],"7":[1,1],"8":[1,0]},"meta":{"lastBranch":9,"lastFunction":11,"lastStatement":40,"seen":{"f:13:2:13:16":0,"s:14:4:44:Infinity":0,"s:46:4:46:Infinity":1,"s:47:4:47:Infinity":2,"s:48:4:48:Infinity":3,"f:54:2:54:22":1,"s:55:21:55:Infinity":4,"b:57:4:57:Infinity:undefined:undefined:undefined:undefined":0,"s:57:4:57:Infinity":5,"b:57:8:57:37:57:37:57:93":1,"s:57:93:57:Infinity":6,"s:59:4:59:Infinity":7,"b:60:4:60:Infinity:undefined:undefined:undefined:undefined":2,"s:60:4:60:Infinity":8,"s:60:36:60:Infinity":9,"s:61:4:61:Infinity":10,"f:64:2:64:15":2,"b:65:4:65:Infinity:undefined:undefined:undefined:undefined":3,"s:65:4:65:Infinity":11,"s:65:37:65:Infinity":12,"s:68:25:68:Infinity":13,"s:69:4:69:Infinity":14,"s:71:29:71:Infinity":15,"b:72:4:75:Infinity:undefined:undefined:undefined:undefined":4,"s:72:4:75:Infinity":16,"s:73:23:73:Infinity":17,"s:74:6:74:Infinity":18,"f:78:2:78:15":3,"b:79:4:79:Infinity:undefined:undefined:undefined:undefined":5,"s:79:4:79:Infinity":19,"s:79:37:79:Infinity":20,"s:82:25:82:Infinity":21,"s:83:4:83:Infinity":22,"s:85:25:85:Infinity":23,"b:86:4:89:Infinity:undefined:undefined:undefined:undefined":6,"s:86:4:89:Infinity":24,"s:87:19:87:Infinity":25,"s:88:6:88:Infinity":26,"f:95:2:95:12":4,"s:96:4:96:Infinity":27,"s:97:4:99:Infinity":28,"f:97:11:97:17":5,"s:98:6:98:Infinity":29,"f:98:45:98:46":6,"s:98:52:98:66":30,"f:105:2:105:6":7,"s:106:21:106:Infinity":31,"s:107:4:107:Infinity":32,"s:108:4:108:Infinity":33,"f:111:10:111:17":8,"s:112:4:112:Infinity":34,"f:112:27:112:28":9,"s:112:41:112:70":35,"f:118:6:118:21":10,"b:119:4:119:Infinity:undefined:undefined:undefined:undefined":7,"s:119:4:119:Infinity":36,"s:119:41:119:Infinity":37,"s:120:4:120:Infinity":38,"b:120:11:120:60:120:60:120:Infinity":8,"s:125:21:125:Infinity":39}}}
[...]
,"D:\\najib\\2_archived-projects\\image-processing\\SharpTensor\\src\\utils\\yolo.ts": {"path":"D:\\najib\\2_archived-projects\\image-processing\\SharpTensor\\src\\utils\\yolo.ts","statementMap":{"0":{"start":{"line":7,"column":26},"end":{"line":176,"column":null}},"1":{"start":{"line":12,"column":10},"end":{"line":12,"column":null}},"2":{"start":{"line":13,"column":10},"end":{"line":13,"column":null}},"3":{"start":{"line":14,"column":18},"end":{"line":14,"column":null}},"4":{"start":{"line":15,"column":19},"end":{"line":15,"column":null}},"5":{"start":{"line":17,"column":4},"end":{"line":17,"column":null}},"6":{"start":{"line":24,"column":4},"end":{"line":24,"column":null}},"7":{"start":{"line":24,"column":22},"end":{"line":24,"column":null}},"8":{"start":{"line":26,"column":19},"end":{"line":28,"column":null}},"9":{"start":{"line":27,"column":23},"end":{"line":27,"column":83}},"10":{"start":{"line":30,"column":4},"end":{"line":30,"column":null}},"11":{"start":{"line":37,"column":18},"end":{"line":37,"column":null}},"12":{"start":{"line":38,"column":4},"end":{"line":38,"column":null}},"13":{"start":{"line":38,"column":26},"end":{"line":38,"column":null}},"14":{"start":{"line":40,"column":20},"end":{"line":40,"column":null}},"15":{"start":{"line":41,"column":4},"end":{"line":41,"column":null}},"16":{"start":{"line":41,"column":31},"end":{"line":41,"column":null}},"17":{"start":{"line":43,"column":4},"end":{"line":95,"column":null}},"18":{"start":{"line":45,"column":22},"end":{"line":45,"column":null}},"19":{"start":{"line":46,"column":22},"end":{"line":46,"column":null}},"20":{"start":{"line":47,"column":20},"end":{"line":47,"column":null}},"21":{"start":{"line":48,"column":21},"end":{"line":48,"column":null}},"22":{"start":{"line":49,"column":6},"end":{"line":55,"column":null}},"23":{"start":{"line":55,"column":8},"end":{"line":55,"column":null}},"24":{"start":{"line":57,"column":6},"end":{"line":64,"column":null}},"25":{"start":{"line":67,"column":41},"end":{"line":67,"column":null}},"26":{"start":{"line":68,"column":6},"end":{"line":74,"column":null}},"27":{"start":{"line":68,"column":19},"end":{"line":68,"column":22}},"28":{"start":{"line":69,"column":18},"end":{"line":69,"column":null}},"29":{"start":{"line":70,"column":18},"end":{"line":70,"column":null}},"30":{"start":{"line":71,"column":8},"end":{"line":73,"column":null}},"31":{"start":{"line":72,"column":10},"end":{"line":72,"column":null}},"32":{"start":{"line":76,"column":6},"end":{"line":76,"column":null}},"33":{"start":{"line":76,"column":31},"end":{"line":76,"column":null}},"34":{"start":{"line":79,"column":17},"end":{"line":79,"column":null}},"35":{"start":{"line":79,"column":35},"end":{"line":79,"column":39}},"36":{"start":{"line":80,"column":17},"end":{"line":80,"column":null}},"37":{"start":{"line":80,"column":35},"end":{"line":80,"column":39}},"38":{"start":{"line":81,"column":17},"end":{"line":81,"column":null}},"39":{"start":{"line":82,"column":17},"end":{"line":82,"column":null}},"40":{"start":{"line":83,"column":17},"end":{"line":83,"column":null}},"41":{"start":{"line":84,"column":17},"end":{"line":84,"column":null}},"42":{"start":{"line":86,"column":6},"end":{"line":94,"column":null}},"43":{"start":{"line":102,"column":4},"end":{"line":110,"column":null}},"44":{"start":{"line":104,"column":21},"end":{"line":104,"column":32}},"45":{"start":{"line":105,"column":24},"end":{"line":105,"column":39}},"46":{"start":{"line":106,"column":26},"end":{"line":110,"column":8}},"47":{"start":{"line":117,"column":17},"end":{"line":117,"column":null}},"48":{"start":{"line":118,"column":4},"end":{"line":118,"column":null}},"49":{"start":{"line":125,"column":4},"end":{"line":125,"column":null}},"50":{"start":{"line":125,"column":16},"end":{"line":125,"column":null}},"51":{"start":{"line":127,"column":4},"end":{"line":130,"column":null}},"52":{"start":{"line":129,"column":6},"end":{"line":129,"column":null}},"53":{"start":{"line":132,"column":4},"end":{"line":138,"column":null}},"54":{"start":{"line":134,"column":23},"end":{"line":136,"column":null}},"55":{"start":{"line":137,"column":6},"end":{"line":137,"column":null}},"56":{"start":{"line":140,"column":4},"end":{"line":140,"column":null}},"57":{"start":{"line":144,"column":4},"end":{"line":144,"column":null}},"58":{"start":{"line":144,"column":14},"end":{"line":144,"column":null}},"59":{"start":{"line":147,"column":4},"end":{"line":153,"column":null}},"60":{"start":{"line":148,"column":20},"end":{"line":148,"column":null}},"61":{"start":{"line":149,"column":6},"end":{"line":152,"column":null}},"62":{"start":{"line":150,"column":18},"end":{"line":150,"column":null}},"63":{"start":{"line":151,"column":8},"end":{"line":151,"column":null}},"64":{"start":{"line":157,"column":4},"end":{"line":170,"column":null}},"65":{"start":{"line":158,"column":16},"end":{"line":158,"column":null}},"66":{"start":{"line":159,"column":6},"end":{"line":167,"column":null}},"67":{"start":{"line":160,"column":8},"end":{"line":160,"column":null}},"68":{"start":{"line":161,"column":8},"end":{"line":161,"column":null}},"69":{"start":{"line":162,"column":8},"end":{"line":162,"column":null}},"70":{"start":{"line":164,"column":8},"end":{"line":164,"column":null}},"71":{"start":{"line":165,"column":8},"end":{"line":165,"column":null}},"72":{"start":{"line":166,"column":8},"end":{"line":166,"column":null}},"73":{"start":{"line":169,"column":6},"end":{"line":169,"column":null}},"74":{"start":{"line":173,"column":10},"end":{"line":173,"column":null}},"75":{"start":{"line":174,"column":4},"end":{"line":174,"column":null}}},"fnMap":{"0":{"name":"(anonymous_0)","decl":{"start":{"line":11,"column":2},"end":{"line":11,"column":9}},"loc":{"start":{"line":11,"column":72},"end":{"line":18,"column":null}},"line":11},"1":{"name":"(anonymous_1)","decl":{"start":{"line":23,"column":2},"end":{"line":23,"column":12}},"loc":{"start":{"line":23,"column":75},"end":{"line":31,"column":null}},"line":23},"2":{"name":"(anonymous_2)","decl":{"start":{"line":27,"column":11},"end":{"line":27,"column":12}},"loc":{"start":{"line":27,"column":23},"end":{"line":27,"column":83}},"line":27},"3":{"name":"(anonymous_3)","decl":{"start":{"line":36,"column":2},"end":{"line":36,"column":11}},"loc":{"start":{"line":36,"column":82},"end":{"line":96,"column":null}},"line":36},"4":{"name":"(anonymous_4)","decl":{"start":{"line":79,"column":28},"end":{"line":79,"column":29}},"loc":{"start":{"line":79,"column":35},"end":{"line":79,"column":39}},"line":79},"5":{"name":"(anonymous_5)","decl":{"start":{"line":80,"column":28},"end":{"line":80,"column":29}},"loc":{"start":{"line":80,"column":35},"end":{"line":80,"column":39}},"line":80},"6":{"name":"(anonymous_6)","decl":{"start":{"line":101,"column":2},"end":{"line":101,"column":15}},"loc":{"start":{"line":101,"column":51},"end":{"line":111,"column":null}},"line":101},"7":{"name":"(anonymous_7)","decl":{"start":{"line":104,"column":11},"end":{"line":104,"column":12}},"loc":{"start":{"line":104,"column":21},"end":{"line":104,"column":32}},"line":104},"8":{"name":"(anonymous_8)","decl":{"start":{"line":105,"column":14},"end":{"line":105,"column":15}},"loc":{"start":{"line":105,"column":24},"end":{"line":105,"column":39}},"line":105},"9":{"name":"(anonymous_9)","decl":{"start":{"line":106,"column":11},"end":{"line":106,"column":12}},"loc":{"start":{"line":106,"column":26},"end":{"line":110,"column":8}},"line":106},"10":{"name":"(anonymous_10)","decl":{"start":{"line":116,"column":2},"end":{"line":116,"column":16}},"loc":{"start":{"line":116,"column":36},"end":{"line":119,"column":null}},"line":116},"11":{"name":"(anonymous_11)","decl":{"start":{"line":124,"column":2},"end":{"line":124,"column":12}},"loc":{"start":{"line":124,"column":49},"end":{"line":141,"column":null}},"line":124},"12":{"name":"(anonymous_12)","decl":{"start":{"line":143,"column":2},"end":{"line":143,"column":19}},"loc":{"start":{"line":143,"column":40},"end":{"line":175,"column":null}},"line":143}},"branchMap":{"0":{"loc":{"start":{"line":24,"column":4},"end":{"line":24,"column":null}},"type":"if","locations":[{"start":{"line":24,"column":4},"end":{"line":24,"column":null}},{"start":{},"end":{}}],"line":24},"1":{"loc":{"start":{"line":38,"column":4},"end":{"line":38,"column":null}},"type":"if","locations":[{"start":{"line":38,"column":4},"end":{"line":38,"column":null}},{"start":{},"end":{}}],"line":38},"2":{"loc":{"start":{"line":41,"column":4},"end":{"line":41,"column":null}},"type":"if","locations":[{"start":{"line":41,"column":4},"end":{"line":41,"column":null}},{"start":{},"end":{}}],"line":41},"3":{"loc":{"start":{"line":43,"column":4},"end":{"line":95,"column":null}},"type":"if","locations":[{"start":{"line":43,"column":4},"end":{"line":95,"column":null}},{"start":{"line":65,"column":11},"end":{"line":95,"column":null}}],"line":43},"4":{"loc":{"start":{"line":49,"column":6},"end":{"line":55,"column":null}},"type":"if","locations":[{"start":{"line":49,"column":6},"end":{"line":55,"column":null}},{"start":{},"end":{}}],"line":49},"5":{"loc":{"start":{"line":50,"column":8},"end":{"line":53,"column":null}},"type":"binary-expr","locations":[{"start":{"line":50,"column":8},"end":{"line":50,"column":null}},{"start":{"line":51,"column":8},"end":{"line":51,"column":null}},{"start":{"line":52,"column":8},"end":{"line":52,"column":null}},{"start":{"line":53,"column":8},"end":{"line":53,"column":null}}],"line":50},"6":{"loc":{"start":{"line":71,"column":8},"end":{"line":73,"column":null}},"type":"if","locations":[{"start":{"line":71,"column":8},"end":{"line":73,"column":null}},{"start":{},"end":{}}],"line":71},"7":{"loc":{"start":{"line":71,"column":12},"end":{"line":71,"column":48}},"type":"binary-expr","locations":[{"start":{"line":71,"column":12},"end":{"line":71,"column":31}},{"start":{"line":71,"column":31},"end":{"line":71,"column":48}}],"line":71},"8":{"loc":{"start":{"line":76,"column":6},"end":{"line":76,"column":null}},"type":"if","locations":[{"start":{"line":76,"column":6},"end":{"line":76,"column":null}},{"start":{},"end":{}}],"line":76},"9":{"loc":{"start":{"line":124,"column":27},"end":{"line":124,"column":49}},"type":"default-arg","locations":[{"start":{"line":124,"column":35},"end":{"line":124,"column":49}}],"line":124},"10":{"loc":{"start":{"line":125,"column":4},"end":{"line":125,"column":null}},"type":"if","locations":[{"start":{"line":125,"column":4},"end":{"line":125,"column":null}},{"start":{},"end":{}}],"line":125},"11":{"loc":{"start":{"line":127,"column":4},"end":{"line":130,"column":null}},"type":"if","locations":[{"start":{"line":127,"column":4},"end":{"line":130,"column":null}},{"start":{},"end":{}}],"line":127},"12":{"loc":{"start":{"line":132,"column":4},"end":{"line":138,"column":null}},"type":"if","locations":[{"start":{"line":132,"column":4},"end":{"line":138,"column":null}},{"start":{},"end":{}}],"line":132},"13":{"loc":{"start":{"line":144,"column":4},"end":{"line":144,"column":null}},"type":"if","locations":[{"start":{"line":144,"column":4},"end":{"line":144,"column":null}},{"start":{},"end":{}}],"line":144},"14":{"loc":{"start":{"line":147,"column":4},"end":{"line":153,"column":null}},"type":"if","locations":[{"start":{"line":147,"column":4},"end":{"line":153,"column":null}},{"start":{},"end":{}}],"line":147},"15":{"loc":{"start":{"line":149,"column":6},"end":{"line":152,"column":null}},"type":"if","locations":[{"start":{"line":149,"column":6},"end":{"line":152,"column":null}},{"start":{},"end":{}}],"line":149},"16":{"loc":{"start":{"line":150,"column":29},"end":{"line":150,"column":45}},"type":"binary-expr","locations":[{"start":{"line":150,"column":29},"end":{"line":150,"column":41}},{"start":{"line":150,"column":41},"end":{"line":150,"column":45}}],"line":150},"17":{"loc":{"start":{"line":151,"column":15},"end":{"line":151,"column":null}},"type":"cond-expr","locations":[{"start":{"line":151,"column":24},"end":{"line":151,"column":36}},{"start":{"line":151,"column":36},"end":{"line":151,"column":null}}],"line":151},"18":{"loc":{"start":{"line":157,"column":4},"end":{"line":170,"column":null}},"type":"if","locations":[{"start":{"line":157,"column":4},"end":{"line":170,"column":null}},{"start":{"line":168,"column":11},"end":{"line":170,"column":null}}],"line":157},"19":{"loc":{"start":{"line":159,"column":6},"end":{"line":167,"column":null}},"type":"if","locations":[{"start":{"line":159,"column":6},"end":{"line":167,"column":null}},{"start":{"line":163,"column":13},"end":{"line":167,"column":null}}],"line":159},"20":{"loc":{"start":{"line":160,"column":22},"end":{"line":160,"column":37}},"type":"binary-expr","locations":[{"start":{"line":160,"column":22},"end":{"line":160,"column":30}},{"start":{"line":160,"column":30},"end":{"line":160,"column":37}}],"line":160},"21":{"loc":{"start":{"line":160,"column":37},"end":{"line":160,"column":50}},"type":"binary-expr","locations":[{"start":{"line":160,"column":37},"end":{"line":160,"column":45}},{"start":{"line":160,"column":45},"end":{"line":160,"column":50}}],"line":160},"22":{"loc":{"start":{"line":161,"column":22},"end":{"line":161,"column":37}},"type":"binary-expr","locations":[{"start":{"line":161,"column":22},"end":{"line":161,"column":30}},{"start":{"line":161,"column":30},"end":{"line":161,"column":37}}],"line":161},"23":{"loc":{"start":{"line":161,"column":37},"end":{"line":161,"column":50}},"type":"binary-expr","locations":[{"start":{"line":161,"column":37},"end":{"line":161,"column":45}},{"start":{"line":161,"column":45},"end":{"line":161,"column":50}}],"line":161},"24":{"loc":{"start":{"line":162,"column":22},"end":{"line":162,"column":37}},"type":"binary-expr","locations":[{"start":{"line":162,"column":22},"end":{"line":162,"column":30}},{"start":{"line":162,"column":30},"end":{"line":162,"column":37}}],"line":162},"25":{"loc":{"start":{"line":162,"column":37},"end":{"line":162,"column":50}},"type":"binary-expr","locations":[{"start":{"line":162,"column":37},"end":{"line":162,"column":45}},{"start":{"line":162,"column":45},"end":{"line":162,"column":50}}],"line":162},"26":{"loc":{"start":{"line":174,"column":11},"end":{"line":174,"column":null}},"type":"cond-expr","locations":[{"start":{"line":174,"column":30},"end":{"line":174,"column":42}},{"start":{"line":174,"column":42},"end":{"line":174,"column":null}}],"line":174}},"s":{"0":2,"1":2,"2":2,"3":2,"4":2,"5":2,"6":2,"7":1,"8":1,"9":4,"10":1,"11":4,"12":4,"13":2,"14":2,"15":2,"16":0,"17":2,"18":1,"19":1,"20":1,"21":1,"22":1,"23":0,"24":1,"25":1,"26":1,"27":1,"28":4,"29":4,"30":4,"31":4,"32":1,"33":0,"34":1,"35":4,"36":1,"37":4,"38":1,"39":1,"40":1,"41":1,"42":1,"43":1,"44":5,"45":5,"46":3,"47":3,"48":3,"49":13,"50":1,"51":12,"52":1,"53":11,"54":10,"55":10,"56":1,"57":16,"58":1,"59":15,"60":2,"61":2,"62":2,"63":2,"64":13,"65":12,"66":12,"67":1,"68":1,"69":1,"70":11,"71":11,"72":11,"73":1,"74":12,"75":12},"f":{"0":2,"1":2,"2":4,"3":4,"4":4,"5":4,"6":1,"7":5,"8":5,"9":3,"10":3,"11":13,"12":16},"b":{"0":[1,1],"1":[2,2],"2":[0,2],"3":[1,1],"4":[0,1],"5":[1,1,1,1],"6":[4,0],"7":[4,4],"8":[0,1],"9":[13],"10":[1,12],"11":[1,11],"12":[10,1],"13":[1,15],"14":[2,13],"15":[2,0],"16":[2,0],"17":[1,1],"18":[12,1],"19":[1,11],"20":[1,0],"21":[1,0],"22":[1,0],"23":[1,0],"24":[1,0],"25":[1,0],"26":[11,1]},"meta":{"lastBranch":27,"lastFunction":13,"lastStatement":76,"seen":{"s:7:26:176:Infinity":0,"f:11:2:11:9":0,"s:12:10:12:Infinity":1,"s:13:10:13:Infinity":2,"s:14:18:14:Infinity":3,"s:15:19:15:Infinity":4,"s:17:4:17:Infinity":5,"f:23:2:23:12":1,"b:24:4:24:Infinity:undefined:undefined:undefined:undefined":0,"s:24:4:24:Infinity":6,"s:24:22:24:Infinity":7,"s:26:19:28:Infinity":8,"f:27:11:27:12":2,"s:27:23:27:83":9,"s:30:4:30:Infinity":10,"f:36:2:36:11":3,"s:37:18:37:Infinity":11,"b:38:4:38:Infinity:undefined:undefined:undefined:undefined":1,"s:38:4:38:Infinity":12,"s:38:26:38:Infinity":13,"s:40:20:40:Infinity":14,"b:41:4:41:Infinity:undefined:undefined:undefined:undefined":2,"s:41:4:41:Infinity":15,"s:41:31:41:Infinity":16,"b:43:4:95:Infinity:65:11:95:Infinity":3,"s:43:4:95:Infinity":17,"s:45:22:45:Infinity":18,"s:46:22:46:Infinity":19,"s:47:20:47:Infinity":20,"s:48:21:48:Infinity":21,"b:49:6:55:Infinity:undefined:undefined:undefined:undefined":4,"s:49:6:55:Infinity":22,"b:50:8:50:Infinity:51:8:51:Infinity:52:8:52:Infinity:53:8:53:Infinity":5,"s:55:8:55:Infinity":23,"s:57:6:64:Infinity":24,"s:67:41:67:Infinity":25,"s:68:6:74:Infinity":26,"s:68:19:68:22":27,"s:69:18:69:Infinity":28,"s:70:18:70:Infinity":29,"b:71:8:73:Infinity:undefined:undefined:undefined:undefined":6,"s:71:8:73:Infinity":30,"b:71:12:71:31:71:31:71:48":7,"s:72:10:72:Infinity":31,"b:76:6:76:Infinity:undefined:undefined:undefined:undefined":8,"s:76:6:76:Infinity":32,"s:76:31:76:Infinity":33,"s:79:17:79:Infinity":34,"f:79:28:79:29":4,"s:79:35:79:39":35,"s:80:17:80:Infinity":36,"f:80:28:80:29":5,"s:80:35:80:39":37,"s:81:17:81:Infinity":38,"s:82:17:82:Infinity":39,"s:83:17:83:Infinity":40,"s:84:17:84:Infinity":41,"s:86:6:94:Infinity":42,"f:101:2:101:15":6,"s:102:4:110:Infinity":43,"f:104:11:104:12":7,"s:104:21:104:32":44,"f:105:14:105:15":8,"s:105:24:105:39":45,"f:106:11:106:12":9,"s:106:26:110:8":46,"f:116:2:116:16":10,"s:117:17:117:Infinity":47,"s:118:4:118:Infinity":48,"f:124:2:124:12":11,"b:124:35:124:49":9,"b:125:4:125:Infinity:undefined:undefined:undefined:undefined":10,"s:125:4:125:Infinity":49,"s:125:16:125:Infinity":50,"b:127:4:130:Infinity:undefined:undefined:undefined:undefined":11,"s:127:4:130:Infinity":51,"s:129:6:129:Infinity":52,"b:132:4:138:Infinity:undefined:undefined:undefined:undefined":12,"s:132:4:138:Infinity":53,"s:134:23:136:Infinity":54,"s:137:6:137:Infinity":55,"s:140:4:140:Infinity":56,"f:143:2:143:19":12,"b:144:4:144:Infinity:undefined:undefined:undefined:undefined":13,"s:144:4:144:Infinity":57,"s:144:14:144:Infinity":58,"b:147:4:153:Infinity:undefined:undefined:undefined:undefined":14,"s:147:4:153:Infinity":59,"s:148:20:148:Infinity":60,"b:149:6:152:Infinity:undefined:undefined:undefined:undefined":15,"s:149:6:152:Infinity":61,"s:150:18:150:Infinity":62,"b:150:29:150:41:150:41:150:45":16,"s:151:8:151:Infinity":63,"b:151:24:151:36:151:36:151:Infinity":17,"b:157:4:170:Infinity:168:11:170:Infinity":18,"s:157:4:170:Infinity":64,"s:158:16:158:Infinity":65,"b:159:6:167:Infinity:163:13:167:Infinity":19,"s:159:6:167:Infinity":66,"s:160:8:160:Infinity":67,"b:160:22:160:30:160:30:160:37":20,"b:160:37:160:45:160:45:160:50":21,"s:161:8:161:Infinity":68,"b:161:22:161:30:161:30:161:37":22,"b:161:37:161:45:161:45:161:50":23,"s:162:8:162:Infinity":69,"b:162:22:162:30:162:30:162:37":24,"b:162:37:162:45:162:45:162:50":25,"s:164:8:164:Infinity":70,"s:165:8:165:Infinity":71,"s:166:8:166:Infinity":72,"s:169:6:169:Infinity":73,"s:173:10:173:Infinity":74,"s:174:4:174:Infinity":75,"b:174:30:174:42:174:42:174:Infinity":26}}}
}
